Arguments: 
  /usr/local/bin/node /usr/local/bin/yarn run --silent husky-run commit-msg .git/COMMIT_EDITMSG

PATH: 
  /Library/Developer/CommandLineTools/usr/libexec/git-core:/bin:/sbin:/usr/local/bin:/usr/bin:/usr/sbin

Yarn version: 
  1.22.4

Node version: 
  12.18.0

Platform: 
  darwin x64

Trace: 
  SyntaxError: /Users/xhq/Documents/study/practice-demos/typeScript/package.json: Unexpected token } in JSON at position 706
      at JSON.parse (<anonymous>)
      at /usr/local/lib/node_modules/yarn/lib/cli.js:1625:59
      at Generator.next (<anonymous>)
      at step (/usr/local/lib/node_modules/yarn/lib/cli.js:310:30)
      at /usr/local/lib/node_modules/yarn/lib/cli.js:321:13

npm manifest: 
  {
    "name": "study-typeScript",
    "version": "0.0.1",
    "description": "study ts",
    "main": "index.js",
    "author": "sundae",
    "license": "MIT",
    "scripts": {
      "start": "nodemon --exec ts-node src/index.ts",
      "dev": "npx ts-node-dev src/index.ts",
      "style:prettier": "prettier --write \"src/**/*.ts\"",
      "style:lint": "tslint -p tsconfig.json -c tslint.json"
    },
    "devDependencies": {
      "@commitlint/cli": "^11.0.0",
      "@commitlint/config-conventional": "^11.0.0",
      "@types/node": "^14.10.1",
      "husky": "^4.3.0",
      "nodemon": "^2.0.4",
      "prettier": "^2.1.1",
      "ts-node": "^9.0.0",
      "ts-node-dev": "^1.0.0-pre.62",
      "tslint": "^6.1.3",
      "typescript": "^4.0.2",
    },
    "husky": {
      "hooks": {
        "commit-msg": "commitlint -e $HUSKY_GIT_PARAMS"
      }
    }
  }

yarn manifest: 
  No manifest

Lockfile: 
  # THIS IS AN AUTOGENERATED FILE. DO NOT EDIT THIS FILE DIRECTLY.
  # yarn lockfile v1
  
  
  "@babel/code-frame@^7.0.0":
    version "7.10.4"
    resolved "https://npm.xiaoheiban.cn/@babel%2fcode-frame/-/code-frame-7.10.4.tgz#168da1a36e90da68ae8d49c0f1b48c7c6249213a"
    integrity sha1-Fo2ho26Q2miujUnA8bSMfGJJITo=
    dependencies:
      "@babel/highlight" "^7.10.4"
  
  "@babel/helper-validator-identifier@^7.10.4":
    version "7.10.4"
    resolved "https://npm.xiaoheiban.cn/@babel%2fhelper-validator-identifier/-/helper-validator-identifier-7.10.4.tgz#a78c7a7251e01f616512d31b10adcf52ada5e0d2"
    integrity sha1-p4x6clHgH2FlEtMbEK3PUq2l4NI=
  
  "@babel/highlight@^7.10.4":
    version "7.10.4"
    resolved "https://npm.xiaoheiban.cn/@babel%2fhighlight/-/highlight-7.10.4.tgz#7d1bdfd65753538fabe6c38596cdb76d9ac60143"
    integrity sha1-fRvf1ldTU4+r5sOFls23bZrGAUM=
    dependencies:
      "@babel/helper-validator-identifier" "^7.10.4"
      chalk "^2.0.0"
      js-tokens "^4.0.0"
  
  "@babel/runtime@^7.11.2":
    version "7.11.2"
    resolved "https://npm.xiaoheiban.cn/@babel%2fruntime/-/runtime-7.11.2.tgz#f549c13c754cc40b87644b9fa9f09a6a95fe0736"
    integrity sha1-9UnBPHVMxAuHZEufqfCaapX+BzY=
    dependencies:
      regenerator-runtime "^0.13.4"
  
  "@commitlint/cli@^11.0.0":
    version "11.0.0"
    resolved "https://npm.xiaoheiban.cn/@commitlint%2fcli/-/cli-11.0.0.tgz#698199bc52afed50aa28169237758fa14a67b5d3"
    integrity sha1-aYGZvFKv7VCqKBaSN3WPoUpntdM=
    dependencies:
      "@babel/runtime" "^7.11.2"
      "@commitlint/format" "^11.0.0"
      "@commitlint/lint" "^11.0.0"
      "@commitlint/load" "^11.0.0"
      "@commitlint/read" "^11.0.0"
      chalk "4.1.0"
      core-js "^3.6.1"
      get-stdin "8.0.0"
      lodash "^4.17.19"
      resolve-from "5.0.0"
      resolve-global "1.0.0"
      yargs "^15.1.0"
  
  "@commitlint/config-conventional@^11.0.0":
    version "11.0.0"
    resolved "https://npm.xiaoheiban.cn/@commitlint%2fconfig-conventional/-/config-conventional-11.0.0.tgz#3fa300a1b639273946de3c3f15e1cda518333422"
    integrity sha1-P6MAobY5JzlG3jw/FeHNpRgzNCI=
    dependencies:
      conventional-changelog-conventionalcommits "^4.3.1"
  
  "@commitlint/ensure@^11.0.0":
    version "11.0.0"
    resolved "https://npm.xiaoheiban.cn/@commitlint%2fensure/-/ensure-11.0.0.tgz#3e796b968ab5b72bc6f8a6040076406306c987fb"
    integrity sha1-Pnlrloq1tyvG+KYEAHZAYwbJh/s=
    dependencies:
      "@commitlint/types" "^11.0.0"
      lodash "^4.17.19"
  
  "@commitlint/execute-rule@^11.0.0":
    version "11.0.0"
    resolved "https://npm.xiaoheiban.cn/@commitlint%2fexecute-rule/-/execute-rule-11.0.0.tgz#3ed60ab7a33019e58d90e2d891b75d7df77b4b4d"
    integrity sha1-PtYKt6MwGeWNkOLYkbddffd7S00=
  
  "@commitlint/format@^11.0.0":
    version "11.0.0"
    resolved "https://npm.xiaoheiban.cn/@commitlint%2fformat/-/format-11.0.0.tgz#ac47b0b9ca46540c0082c721b290794e67bdc51b"
    integrity sha1-rEewucpGVAwAgschspB5Tme9xRs=
    dependencies:
      "@commitlint/types" "^11.0.0"
      chalk "^4.0.0"
  
  "@commitlint/is-ignored@^11.0.0":
    version "11.0.0"
    resolved "https://npm.xiaoheiban.cn/@commitlint%2fis-ignored/-/is-ignored-11.0.0.tgz#7b803eda56276dbe7fec51eb1510676198468f39"
    integrity sha1-e4A+2lYnbb5/7FHrFRBnYZhGjzk=
    dependencies:
      "@commitlint/types" "^11.0.0"
      semver "7.3.2"
  
  "@commitlint/lint@^11.0.0":
    version "11.0.0"
    resolved "https://npm.xiaoheiban.cn/@commitlint%2flint/-/lint-11.0.0.tgz#01e062cd1b0e7c3d756aa2c246462e0b6a3348a4"
    integrity sha1-AeBizRsOfD11aqLCRkYuC2ozSKQ=
    dependencies:
      "@commitlint/is-ignored" "^11.0.0"
      "@commitlint/parse" "^11.0.0"
      "@commitlint/rules" "^11.0.0"
      "@commitlint/types" "^11.0.0"
  
  "@commitlint/load@^11.0.0":
    version "11.0.0"
    resolved "https://npm.xiaoheiban.cn/@commitlint%2fload/-/load-11.0.0.tgz#f736562f0ffa7e773f8808fea93319042ee18211"
    integrity sha1-9zZWLw/6fnc/iAj+qTMZBC7hghE=
    dependencies:
      "@commitlint/execute-rule" "^11.0.0"
      "@commitlint/resolve-extends" "^11.0.0"
      "@commitlint/types" "^11.0.0"
      chalk "4.1.0"
      cosmiconfig "^7.0.0"
      lodash "^4.17.19"
      resolve-from "^5.0.0"
  
  "@commitlint/message@^11.0.0":
    version "11.0.0"
    resolved "https://npm.xiaoheiban.cn/@commitlint%2fmessage/-/message-11.0.0.tgz#83554c3cbbc884fd07b473593bc3e94bcaa3ee05"
    integrity sha1-g1VMPLvIhP0HtHNZO8PpS8qj7gU=
  
  "@commitlint/parse@^11.0.0":
    version "11.0.0"
    resolved "https://npm.xiaoheiban.cn/@commitlint%2fparse/-/parse-11.0.0.tgz#d18b08cf67c35d02115207d7009306a2e8e7c901"
    integrity sha1-0YsIz2fDXQIRUgfXAJMGoujnyQE=
    dependencies:
      conventional-changelog-angular "^5.0.0"
      conventional-commits-parser "^3.0.0"
  
  "@commitlint/read@^11.0.0":
    version "11.0.0"
    resolved "https://npm.xiaoheiban.cn/@commitlint%2fread/-/read-11.0.0.tgz#f24240548c63587bba139fa5a364cab926077016"
    integrity sha1-8kJAVIxjWHu6E5+lo2TKuSYHcBY=
    dependencies:
      "@commitlint/top-level" "^11.0.0"
      fs-extra "^9.0.0"
      git-raw-commits "^2.0.0"
  
  "@commitlint/resolve-extends@^11.0.0":
    version "11.0.0"
    resolved "https://npm.xiaoheiban.cn/@commitlint%2fresolve-extends/-/resolve-extends-11.0.0.tgz#158ecbe27d4a2a51d426111a01478e216fbb1036"
    integrity sha1-FY7L4n1KKlHUJhEaAUeOIW+7EDY=
    dependencies:
      import-fresh "^3.0.0"
      lodash "^4.17.19"
      resolve-from "^5.0.0"
      resolve-global "^1.0.0"
  
  "@commitlint/rules@^11.0.0":
    version "11.0.0"
    resolved "https://npm.xiaoheiban.cn/@commitlint%2frules/-/rules-11.0.0.tgz#bdb310cc6fc55c9f8d7d917a22b69055c535c375"
    integrity sha1-vbMQzG/FXJ+NfZF6IraQVcU1w3U=
    dependencies:
      "@commitlint/ensure" "^11.0.0"
      "@commitlint/message" "^11.0.0"
      "@commitlint/to-lines" "^11.0.0"
      "@commitlint/types" "^11.0.0"
  
  "@commitlint/to-lines@^11.0.0":
    version "11.0.0"
    resolved "https://npm.xiaoheiban.cn/@commitlint%2fto-lines/-/to-lines-11.0.0.tgz#86dea151c10eea41e39ea96fa4de07839258a7fe"
    integrity sha1-ht6hUcEO6kHjnqlvpN4Hg5JYp/4=
  
  "@commitlint/top-level@^11.0.0":
    version "11.0.0"
    resolved "https://npm.xiaoheiban.cn/@commitlint%2ftop-level/-/top-level-11.0.0.tgz#bb2d1b6e5ed3be56874633b59e1f7de118c32783"
    integrity sha1-uy0bbl7TvlaHRjO1nh994RjDJ4M=
    dependencies:
      find-up "^5.0.0"
  
  "@commitlint/types@^11.0.0":
    version "11.0.0"
    resolved "https://npm.xiaoheiban.cn/@commitlint%2ftypes/-/types-11.0.0.tgz#719cf05fcc1abb6533610a2e0f5dd1e61eac14fe"
    integrity sha1-cZzwX8wau2UzYQouD13R5h6sFP4=
  
  "@sindresorhus/is@^0.14.0":
    version "0.14.0"
    resolved "https://npm.xiaoheiban.cn/@sindresorhus%2fis/-/is-0.14.0.tgz#9fb3a3cf3132328151f353de4632e01e52102bea"
    integrity sha1-n7OjzzEyMoFR81PeRjLgHlIQK+o=
  
  "@szmarczak/http-timer@^1.1.2":
    version "1.1.2"
    resolved "https://npm.xiaoheiban.cn/@szmarczak%2fhttp-timer/-/http-timer-1.1.2.tgz#b1665e2c461a2cd92f4c1bbf50d5454de0d4b421"
    integrity sha1-sWZeLEYaLNkvTBu/UNVFTeDUtCE=
    dependencies:
      defer-to-connect "^1.0.1"
  
  "@types/color-name@^1.1.1":
    version "1.1.1"
    resolved "https://npm.xiaoheiban.cn/@types%2fcolor-name/-/color-name-1.1.1.tgz#1c1261bbeaa10a8055bbc5d8ab84b7b2afc846a0"
    integrity sha1-HBJhu+qhCoBVu8XYq4S3sq/IRqA=
  
  "@types/minimist@^1.2.0":
    version "1.2.0"
    resolved "https://npm.xiaoheiban.cn/@types%2fminimist/-/minimist-1.2.0.tgz#69a23a3ad29caf0097f06eda59b361ee2f0639f6"
    integrity sha1-aaI6OtKcrwCX8G7aWbNh7i8GOfY=
  
  "@types/node@^14.10.1":
    version "14.10.1"
    resolved "https://npm.xiaoheiban.cn/@types%2fnode/-/node-14.10.1.tgz#cc323bad8e8a533d4822f45ce4e5326f36e42177"
    integrity sha1-zDI7rY6KUz1IIvRc5OUybzbkIXc=
  
  "@types/normalize-package-data@^2.4.0":
    version "2.4.0"
    resolved "https://npm.xiaoheiban.cn/@types%2fnormalize-package-data/-/normalize-package-data-2.4.0.tgz#e486d0d97396d79beedd0a6e33f4534ff6b4973e"
    integrity sha1-5IbQ2XOW15vu3QpuM/RTT/a0lz4=
  
  "@types/parse-json@^4.0.0":
    version "4.0.0"
    resolved "https://npm.xiaoheiban.cn/@types%2fparse-json/-/parse-json-4.0.0.tgz#2f8bb441434d163b35fb8ffdccd7138927ffb8c0"
    integrity sha1-L4u0QUNNFjs1+4/9zNcTiSf/uMA=
  
  "@types/strip-bom@^3.0.0":
    version "3.0.0"
    resolved "https://npm.xiaoheiban.cn/@types%2fstrip-bom/-/strip-bom-3.0.0.tgz#14a8ec3956c2e81edb7520790aecf21c290aebd2"
    integrity sha1-FKjsOVbC6B7bdSB5CuzyHCkK69I=
  
  "@types/strip-json-comments@0.0.30":
    version "0.0.30"
    resolved "https://npm.xiaoheiban.cn/@types%2fstrip-json-comments/-/strip-json-comments-0.0.30.tgz#9aa30c04db212a9a0649d6ae6fd50accc40748a1"
    integrity sha1-mqMMBNshKpoGSdaub9UKzMQHSKE=
  
  JSONStream@^1.0.4:
    version "1.3.5"
    resolved "https://npm.xiaoheiban.cn/JSONStream/-/JSONStream-1.3.5.tgz#3208c1f08d3a4d99261ab64f92302bc15e111ca0"
    integrity sha1-MgjB8I06TZkmGrZPkjArwV4RHKA=
    dependencies:
      jsonparse "^1.2.0"
      through ">=2.2.7 <3"
  
  abbrev@1:
    version "1.1.1"
    resolved "https://npm.xiaoheiban.cn/abbrev/-/abbrev-1.1.1.tgz#f8f2c887ad10bf67f634f005b6987fed3179aac8"
    integrity sha1-+PLIh60Qv2f2NPAFtph/7TF5qsg=
  
  ansi-align@^3.0.0:
    version "3.0.0"
    resolved "https://npm.xiaoheiban.cn/ansi-align/-/ansi-align-3.0.0.tgz#b536b371cf687caaef236c18d3e21fe3797467cb"
    integrity sha1-tTazcc9ofKrvI2wY0+If43l0Z8s=
    dependencies:
      string-width "^3.0.0"
  
  ansi-regex@^4.1.0:
    version "4.1.0"
    resolved "https://npm.xiaoheiban.cn/ansi-regex/-/ansi-regex-4.1.0.tgz#8b9f8f08cf1acb843756a839ca8c7e3168c51997"
    integrity sha1-i5+PCM8ay4Q3Vqg5yox+MWjFGZc=
  
  ansi-regex@^5.0.0:
    version "5.0.0"
    resolved "https://npm.xiaoheiban.cn/ansi-regex/-/ansi-regex-5.0.0.tgz#388539f55179bf39339c81af30a654d69f87cb75"
    integrity sha1-OIU59VF5vzkznIGvMKZU1p+Hy3U=
  
  ansi-styles@^3.2.1:
    version "3.2.1"
    resolved "https://npm.xiaoheiban.cn/ansi-styles/-/ansi-styles-3.2.1.tgz#41fbb20243e50b12be0f04b8dedbf07520ce841d"
    integrity sha1-QfuyAkPlCxK+DwS43tvwdSDOhB0=
    dependencies:
      color-convert "^1.9.0"
  
  ansi-styles@^4.0.0, ansi-styles@^4.1.0:
    version "4.2.1"
    resolved "https://npm.xiaoheiban.cn/ansi-styles/-/ansi-styles-4.2.1.tgz#90ae75c424d008d2624c5bf29ead3177ebfcf359"
    integrity sha1-kK51xCTQCNJiTFvynq0xd+v881k=
    dependencies:
      "@types/color-name" "^1.1.1"
      color-convert "^2.0.1"
  
  anymatch@~3.1.1:
    version "3.1.1"
    resolved "https://npm.xiaoheiban.cn/anymatch/-/anymatch-3.1.1.tgz#c55ecf02185e2469259399310c173ce31233b142"
    integrity sha1-xV7PAhheJGklk5kxDBc84xIzsUI=
    dependencies:
      normalize-path "^3.0.0"
      picomatch "^2.0.4"
  
  arg@^4.1.0:
    version "4.1.3"
    resolved "https://npm.xiaoheiban.cn/arg/-/arg-4.1.3.tgz#269fc7ad5b8e42cb63c896d5666017261c144089"
    integrity sha1-Jp/HrVuOQstjyJbVZmAXJhwUQIk=
  
  argparse@^1.0.7:
    version "1.0.10"
    resolved "https://npm.xiaoheiban.cn/argparse/-/argparse-1.0.10.tgz#bcd6791ea5ae09725e17e5ad988134cd40b3d911"
    integrity sha1-vNZ5HqWuCXJeF+WtmIE0zUCz2RE=
    dependencies:
      sprintf-js "~1.0.2"
  
  array-find-index@^1.0.1:
    version "1.0.2"
    resolved "https://npm.xiaoheiban.cn/array-find-index/-/array-find-index-1.0.2.tgz#df010aa1287e164bbda6f9723b0a96a1ec4187a1"
    integrity sha1-3wEKoSh+Fku9pvlyOwqWoexBh6E=
  
  array-ify@^1.0.0:
    version "1.0.0"
    resolved "https://npm.xiaoheiban.cn/array-ify/-/array-ify-1.0.0.tgz#9e528762b4a9066ad163a6962a364418e9626ece"
    integrity sha1-nlKHYrSpBmrRY6aWKjZEGOlibs4=
  
  arrify@^1.0.1:
    version "1.0.1"
    resolved "https://npm.xiaoheiban.cn/arrify/-/arrify-1.0.1.tgz#898508da2226f380df904728456849c1501a4b0d"
    integrity sha1-iYUI2iIm84DfkEcoRWhJwVAaSw0=
  
  at-least-node@^1.0.0:
    version "1.0.0"
    resolved "https://npm.xiaoheiban.cn/at-least-node/-/at-least-node-1.0.0.tgz#602cd4b46e844ad4effc92a8011a3c46e0238dc2"
    integrity sha1-YCzUtG6EStTv/JKoARo8RuAjjcI=
  
  balanced-match@^1.0.0:
    version "1.0.0"
    resolved "https://npm.xiaoheiban.cn/balanced-match/-/balanced-match-1.0.0.tgz#89b4d199ab2bee49de164ea02b89ce462d71b767"
    integrity sha1-ibTRmasr7kneFk6gK4nORi1xt2c=
  
  binary-extensions@^2.0.0:
    version "2.1.0"
    resolved "https://npm.xiaoheiban.cn/binary-extensions/-/binary-extensions-2.1.0.tgz#30fa40c9e7fe07dbc895678cd287024dea241dd9"
    integrity sha1-MPpAyef+B9vIlWeM0ocCTeokHdk=
  
  boxen@^4.2.0:
    version "4.2.0"
    resolved "https://npm.xiaoheiban.cn/boxen/-/boxen-4.2.0.tgz#e411b62357d6d6d36587c8ac3d5d974daa070e64"
    integrity sha1-5BG2I1fW1tNlh8isPV2XTaoHDmQ=
    dependencies:
      ansi-align "^3.0.0"
      camelcase "^5.3.1"
      chalk "^3.0.0"
      cli-boxes "^2.2.0"
      string-width "^4.1.0"
      term-size "^2.1.0"
      type-fest "^0.8.1"
      widest-line "^3.1.0"
  
  brace-expansion@^1.1.7:
    version "1.1.11"
    resolved "https://npm.xiaoheiban.cn/brace-expansion/-/brace-expansion-1.1.11.tgz#3c7fcbf529d87226f3d2f52b966ff5271eb441dd"
    integrity sha1-PH/L9SnYcibz0vUrlm/1Jx60Qd0=
    dependencies:
      balanced-match "^1.0.0"
      concat-map "0.0.1"
  
  braces@~3.0.2:
    version "3.0.2"
    resolved "https://npm.xiaoheiban.cn/braces/-/braces-3.0.2.tgz#3454e1a462ee8d599e236df336cd9ea4f8afe107"
    integrity sha1-NFThpGLujVmeI23zNs2epPiv4Qc=
    dependencies:
      fill-range "^7.0.1"
  
  buffer-from@^1.0.0:
    version "1.1.1"
    resolved "https://npm.xiaoheiban.cn/buffer-from/-/buffer-from-1.1.1.tgz#32713bc028f75c02fdb710d7c7bcec1f2c6070ef"
    integrity sha1-MnE7wCj3XAL9txDXx7zsHyxgcO8=
  
  builtin-modules@^1.1.1:
    version "1.1.1"
    resolved "https://npm.xiaoheiban.cn/builtin-modules/-/builtin-modules-1.1.1.tgz#270f076c5a72c02f5b65a47df94c5fe3a278892f"
    integrity sha1-Jw8HbFpywC9bZaR9+Uxf46J4iS8=
  
  cacheable-request@^6.0.0:
    version "6.1.0"
    resolved "https://npm.xiaoheiban.cn/cacheable-request/-/cacheable-request-6.1.0.tgz#20ffb8bd162ba4be11e9567d823db651052ca912"
    integrity sha1-IP+4vRYrpL4R6VZ9gj22UQUsqRI=
    dependencies:
      clone-response "^1.0.2"
      get-stream "^5.1.0"
      http-cache-semantics "^4.0.0"
      keyv "^3.0.0"
      lowercase-keys "^2.0.0"
      normalize-url "^4.1.0"
      responselike "^1.0.2"
  
  callsites@^3.0.0:
    version "3.1.0"
    resolved "https://npm.xiaoheiban.cn/callsites/-/callsites-3.1.0.tgz#b3630abd8943432f54b3f0519238e33cd7df2f73"
    integrity sha1-s2MKvYlDQy9Us/BRkjjjPNffL3M=
  
  camelcase-keys@^2.0.0:
    version "2.1.0"
    resolved "https://npm.xiaoheiban.cn/camelcase-keys/-/camelcase-keys-2.1.0.tgz#308beeaffdf28119051efa1d932213c91b8f92e7"
    integrity sha1-MIvur/3ygRkFHvodkyITyRuPkuc=
    dependencies:
      camelcase "^2.0.0"
      map-obj "^1.0.0"
  
  camelcase-keys@^6.2.2:
    version "6.2.2"
    resolved "https://npm.xiaoheiban.cn/camelcase-keys/-/camelcase-keys-6.2.2.tgz#5e755d6ba51aa223ec7d3d52f25778210f9dc3c0"
    integrity sha1-XnVda6UaoiPsfT1S8ld4IQ+dw8A=
    dependencies:
      camelcase "^5.3.1"
      map-obj "^4.0.0"
      quick-lru "^4.0.1"
  
  camelcase@^2.0.0:
    version "2.1.1"
    resolved "https://npm.xiaoheiban.cn/camelcase/-/camelcase-2.1.1.tgz#7c1d16d679a1bbe59ca02cacecfb011e201f5a1f"
    integrity sha1-fB0W1nmhu+WcoCys7PsBHiAfWh8=
  
  camelcase@^5.0.0, camelcase@^5.3.1:
    version "5.3.1"
    resolved "https://npm.xiaoheiban.cn/camelcase/-/camelcase-5.3.1.tgz#e3c9b31569e106811df242f715725a1f4c494320"
    integrity sha1-48mzFWnhBoEd8kL3FXJaH0xJQyA=
  
  chalk@4.1.0, chalk@^4.0.0:
    version "4.1.0"
    resolved "https://npm.xiaoheiban.cn/chalk/-/chalk-4.1.0.tgz#4e14870a618d9e2edd97dd8345fd9d9dc315646a"
    integrity sha1-ThSHCmGNni7dl92DRf2dncMVZGo=
    dependencies:
      ansi-styles "^4.1.0"
      supports-color "^7.1.0"
  
  chalk@^2.0.0, chalk@^2.3.0:
    version "2.4.2"
    resolved "https://npm.xiaoheiban.cn/chalk/-/chalk-2.4.2.tgz#cd42541677a54333cf541a49108c1432b44c9424"
    integrity sha1-zUJUFnelQzPPVBpJEIwUMrRMlCQ=
    dependencies:
      ansi-styles "^3.2.1"
      escape-string-regexp "^1.0.5"
      supports-color "^5.3.0"
  
  chalk@^3.0.0:
    version "3.0.0"
    resolved "https://npm.xiaoheiban.cn/chalk/-/chalk-3.0.0.tgz#3f73c2bf526591f574cc492c51e2456349f844e4"
    integrity sha1-P3PCv1JlkfV0zEksUeJFY0n4ROQ=
    dependencies:
      ansi-styles "^4.1.0"
      supports-color "^7.1.0"
  
  chokidar@^3.2.2, chokidar@^3.4.0:
    version "3.4.2"
    resolved "https://npm.xiaoheiban.cn/chokidar/-/chokidar-3.4.2.tgz#38dc8e658dec3809741eb3ef7bb0a47fe424232d"
    integrity sha1-ONyOZY3sOAl0HrPve7Ckf+QkIy0=
    dependencies:
      anymatch "~3.1.1"
      braces "~3.0.2"
      glob-parent "~5.1.0"
      is-binary-path "~2.1.0"
      is-glob "~4.0.1"
      normalize-path "~3.0.0"
      readdirp "~3.4.0"
    optionalDependencies:
      fsevents "~2.1.2"
  
  ci-info@^2.0.0:
    version "2.0.0"
    resolved "https://npm.xiaoheiban.cn/ci-info/-/ci-info-2.0.0.tgz#67a9e964be31a51e15e5010d58e6f12834002f46"
    integrity sha1-Z6npZL4xpR4V5QENWObxKDQAL0Y=
  
  cli-boxes@^2.2.0:
    version "2.2.1"
    resolved "https://npm.xiaoheiban.cn/cli-boxes/-/cli-boxes-2.2.1.tgz#ddd5035d25094fce220e9cab40a45840a440318f"
    integrity sha1-3dUDXSUJT84iDpyrQKRYQKRAMY8=
  
  cliui@^6.0.0:
    version "6.0.0"
    resolved "https://npm.xiaoheiban.cn/cliui/-/cliui-6.0.0.tgz#511d702c0c4e41ca156d7d0e96021f23e13225b1"
    integrity sha1-UR1wLAxOQcoVbX0OlgIfI+EyJbE=
    dependencies:
      string-width "^4.2.0"
      strip-ansi "^6.0.0"
      wrap-ansi "^6.2.0"
  
  clone-response@^1.0.2:
    version "1.0.2"
    resolved "https://npm.xiaoheiban.cn/clone-response/-/clone-response-1.0.2.tgz#d1dc973920314df67fbeb94223b4ee350239e96b"
    integrity sha1-0dyXOSAxTfZ/vrlCI7TuNQI56Ws=
    dependencies:
      mimic-response "^1.0.0"
  
  color-convert@^1.9.0:
    version "1.9.3"
    resolved "https://npm.xiaoheiban.cn/color-convert/-/color-convert-1.9.3.tgz#bb71850690e1f136567de629d2d5471deda4c1e8"
    integrity sha1-u3GFBpDh8TZWfeYp0tVHHe2kweg=
    dependencies:
      color-name "1.1.3"
  
  color-convert@^2.0.1:
    version "2.0.1"
    resolved "https://npm.xiaoheiban.cn/color-convert/-/color-convert-2.0.1.tgz#72d3a68d598c9bdb3af2ad1e84f21d896abd4de3"
    integrity sha1-ctOmjVmMm9s68q0ehPIdiWq9TeM=
    dependencies:
      color-name "~1.1.4"
  
  color-name@1.1.3:
    version "1.1.3"
    resolved "https://npm.xiaoheiban.cn/color-name/-/color-name-1.1.3.tgz#a7d0558bd89c42f795dd42328f740831ca53bc25"
    integrity sha1-p9BVi9icQveV3UIyj3QIMcpTvCU=
  
  color-name@~1.1.4:
    version "1.1.4"
    resolved "https://npm.xiaoheiban.cn/color-name/-/color-name-1.1.4.tgz#c2a09a87acbde69543de6f63fa3995c826c536a2"
    integrity sha1-wqCah6y95pVD3m9j+jmVyCbFNqI=
  
  colors@~0.6.0-1:
    version "0.6.2"
    resolved "https://npm.xiaoheiban.cn/colors/-/colors-0.6.2.tgz#2423fe6678ac0c5dae8852e5d0e5be08c997abcc"
    integrity sha1-JCP+ZnisDF2uiFLl0OW+CMmXq8w=
  
  commander@^2.12.1:
    version "2.20.3"
    resolved "https://npm.xiaoheiban.cn/commander/-/commander-2.20.3.tgz#fd485e84c03eb4881c20722ba48035e8531aeb33"
    integrity sha1-/UhehMA+tIgcIHIrpIA16FMa6zM=
  
  commander@~2.1.0:
    version "2.1.0"
    resolved "https://npm.xiaoheiban.cn/commander/-/commander-2.1.0.tgz#d121bbae860d9992a3d517ba96f56588e47c6781"
    integrity sha1-0SG7roYNmZKj1Re6lvVliOR8Z4E=
  
  compare-func@^2.0.0:
    version "2.0.0"
    resolved "https://npm.xiaoheiban.cn/compare-func/-/compare-func-2.0.0.tgz#fb65e75edbddfd2e568554e8b5b05fff7a51fcb3"
    integrity sha1-+2XnXtvd/S5WhVTotbBf/3pR/LM=
    dependencies:
      array-ify "^1.0.0"
      dot-prop "^5.1.0"
  
  compare-versions@^3.6.0:
    version "3.6.0"
    resolved "https://npm.xiaoheiban.cn/compare-versions/-/compare-versions-3.6.0.tgz#1a5689913685e5a87637b8d3ffca75514ec41d62"
    integrity sha1-GlaJkTaF5ah2N7jT/8p1UU7EHWI=
  
  concat-map@0.0.1:
    version "0.0.1"
    resolved "https://npm.xiaoheiban.cn/concat-map/-/concat-map-0.0.1.tgz#d8a96bd77fd68df7793a73036a3ba0d5405d477b"
    integrity sha1-2Klr13/Wjfd5OnMDajug1UBdR3s=
  
  configstore@^5.0.1:
    version "5.0.1"
    resolved "https://npm.xiaoheiban.cn/configstore/-/configstore-5.0.1.tgz#d365021b5df4b98cdd187d6a3b0e3f6a7cc5ed96"
    integrity sha1-02UCG130uYzdGH1qOw4/anzF7ZY=
    dependencies:
      dot-prop "^5.2.0"
      graceful-fs "^4.1.2"
      make-dir "^3.0.0"
      unique-string "^2.0.0"
      write-file-atomic "^3.0.0"
      xdg-basedir "^4.0.0"
  
  conventional-changelog-angular@^5.0.0:
    version "5.0.11"
    resolved "https://npm.xiaoheiban.cn/conventional-changelog-angular/-/conventional-changelog-angular-5.0.11.tgz#99a3ca16e4a5305e0c2c2fae3ef74fd7631fc3fb"
    integrity sha1-maPKFuSlMF4MLC+uPvdP12Mfw/s=
    dependencies:
      compare-func "^2.0.0"
      q "^1.5.1"
  
  conventional-changelog-conventionalcommits@^4.3.1:
    version "4.4.0"
    resolved "https://npm.xiaoheiban.cn/conventional-changelog-conventionalcommits/-/conventional-changelog-conventionalcommits-4.4.0.tgz#8d96687141c9bbd725a89b95c04966d364194cd4"
    integrity sha1-jZZocUHJu9clqJuVwElm02QZTNQ=
    dependencies:
      compare-func "^2.0.0"
      lodash "^4.17.15"
      q "^1.5.1"
  
  conventional-commit-types@^2.0.0:
    version "2.3.0"
    resolved "https://npm.xiaoheiban.cn/conventional-commit-types/-/conventional-commit-types-2.3.0.tgz#bc3c8ebba0a9e4b3ecc548f1d0674e251ab8be22"
    integrity sha1-vDyOu6Cp5LPsxUjx0GdOJRq4viI=
  
  conventional-commits-parser@^3.0.0:
    version "3.1.0"
    resolved "https://npm.xiaoheiban.cn/conventional-commits-parser/-/conventional-commits-parser-3.1.0.tgz#10140673d5e7ef5572633791456c5d03b69e8be4"
    integrity sha1-EBQGc9Xn71VyYzeRRWxdA7aei+Q=
    dependencies:
      JSONStream "^1.0.4"
      is-text-path "^1.0.1"
      lodash "^4.17.15"
      meow "^7.0.0"
      split2 "^2.0.0"
      through2 "^3.0.0"
      trim-off-newlines "^1.0.0"
  
  core-js@^3.6.1:
    version "3.6.5"
    resolved "https://npm.xiaoheiban.cn/core-js/-/core-js-3.6.5.tgz#7395dc273af37fb2e50e9bd3d9fe841285231d1a"
    integrity sha1-c5XcJzrzf7LlDpvT2f6EEoUjHRo=
  
  core-util-is@~1.0.0:
    version "1.0.2"
    resolved "https://npm.xiaoheiban.cn/core-util-is/-/core-util-is-1.0.2.tgz#b5fd54220aa2bc5ab57aab7140c940754503c1a7"
    integrity sha1-tf1UIgqivFq1eqtxQMlAdUUDwac=
  
  cosmiconfig@^7.0.0:
    version "7.0.0"
    resolved "https://npm.xiaoheiban.cn/cosmiconfig/-/cosmiconfig-7.0.0.tgz#ef9b44d773959cae63ddecd122de23853b60f8d3"
    integrity sha1-75tE13OVnK5j3ezRIt4jhTtg+NM=
    dependencies:
      "@types/parse-json" "^4.0.0"
      import-fresh "^3.2.1"
      parse-json "^5.0.0"
      path-type "^4.0.0"
      yaml "^1.10.0"
  
  crypto-random-string@^2.0.0:
    version "2.0.0"
    resolved "https://npm.xiaoheiban.cn/crypto-random-string/-/crypto-random-string-2.0.0.tgz#ef2a7a966ec11083388369baa02ebead229b30d5"
    integrity sha1-7yp6lm7BEIM4g2m6oC6+rSKbMNU=
  
  currently-unhandled@^0.4.1:
    version "0.4.1"
    resolved "https://npm.xiaoheiban.cn/currently-unhandled/-/currently-unhandled-0.4.1.tgz#988df33feab191ef799a61369dd76c17adf957ea"
    integrity sha1-mI3zP+qxke95mmE2nddsF635V+o=
    dependencies:
      array-find-index "^1.0.1"
  
  dargs@^7.0.0:
    version "7.0.0"
    resolved "https://npm.xiaoheiban.cn/dargs/-/dargs-7.0.0.tgz#04015c41de0bcb69ec84050f3d9be0caf8d6d5cc"
    integrity sha1-BAFcQd4Ly2nshAUPPZvgyvjW1cw=
  
  dateformat@~1.0.4-1.2.3:
    version "1.0.12"
    resolved "https://npm.xiaoheiban.cn/dateformat/-/dateformat-1.0.12.tgz#9f124b67594c937ff706932e4a642cca8dbbfee9"
    integrity sha1-nxJLZ1lMk3/3BpMuSmQsyo27/uk=
    dependencies:
      get-stdin "^4.0.1"
      meow "^3.3.0"
  
  debug@^2.2.0:
    version "2.6.9"
    resolved "https://npm.xiaoheiban.cn/debug/-/debug-2.6.9.tgz#5d128515df134ff327e90a4c93f4e077a536341f"
    integrity sha1-XRKFFd8TT/Mn6QpMk/Tgd6U2NB8=
    dependencies:
      ms "2.0.0"
  
  debug@^3.2.6:
    version "3.2.6"
    resolved "https://npm.xiaoheiban.cn/debug/-/debug-3.2.6.tgz#e83d17de16d8a7efb7717edbe5fb10135eee629b"
    integrity sha1-6D0X3hbYp++3cX7b5fsQE17uYps=
    dependencies:
      ms "^2.1.1"
  
  decamelize-keys@^1.1.0:
    version "1.1.0"
    resolved "https://npm.xiaoheiban.cn/decamelize-keys/-/decamelize-keys-1.1.0.tgz#d171a87933252807eb3cb61dc1c1445d078df2d9"
    integrity sha1-0XGoeTMlKAfrPLYdwcFEXQeN8tk=
    dependencies:
      decamelize "^1.1.0"
      map-obj "^1.0.0"
  
  decamelize@^1.1.0, decamelize@^1.1.2, decamelize@^1.2.0:
    version "1.2.0"
    resolved "https://npm.xiaoheiban.cn/decamelize/-/decamelize-1.2.0.tgz#f6534d15148269b20352e7bee26f501f9a191290"
    integrity sha1-9lNNFRSCabIDUue+4m9QH5oZEpA=
  
  decompress-response@^3.3.0:
    version "3.3.0"
    resolved "https://npm.xiaoheiban.cn/decompress-response/-/decompress-response-3.3.0.tgz#80a4dd323748384bfa248083622aedec982adff3"
    integrity sha1-gKTdMjdIOEv6JICDYirt7Jgq3/M=
    dependencies:
      mimic-response "^1.0.0"
  
  deep-extend@^0.6.0:
    version "0.6.0"
    resolved "https://npm.xiaoheiban.cn/deep-extend/-/deep-extend-0.6.0.tgz#c4fa7c95404a17a9c3e8ca7e1537312b736330ac"
    integrity sha1-xPp8lUBKF6nD6Mp+FTcxK3NjMKw=
  
  defer-to-connect@^1.0.1:
    version "1.1.3"
    resolved "https://npm.xiaoheiban.cn/defer-to-connect/-/defer-to-connect-1.1.3.tgz#331ae050c08dcf789f8c83a7b81f0ed94f4ac591"
    integrity sha1-MxrgUMCNz3ifjIOnuB8O2U9KxZE=
  
  diff@^4.0.1:
    version "4.0.2"
    resolved "https://npm.xiaoheiban.cn/diff/-/diff-4.0.2.tgz#60f3aecb89d5fae520c11aa19efc2bb982aade7d"
    integrity sha1-YPOuy4nV+uUgwRqhnvwruYKq3n0=
  
  dot-prop@^5.1.0, dot-prop@^5.2.0:
    version "5.3.0"
    resolved "https://npm.xiaoheiban.cn/dot-prop/-/dot-prop-5.3.0.tgz#90ccce708cd9cd82cc4dc8c3ddd9abdd55b20e88"
    integrity sha1-kMzOcIzZzYLMTcjD3dmr3VWyDog=
    dependencies:
      is-obj "^2.0.0"
  
  duplexer3@^0.1.4:
    version "0.1.4"
    resolved "https://npm.xiaoheiban.cn/duplexer3/-/duplexer3-0.1.4.tgz#ee01dd1cac0ed3cbc7fdbea37dc0a8f1ce002ce2"
    integrity sha1-7gHdHKwO08vH/b6jfcCo8c4ALOI=
  
  dynamic-dedupe@^0.3.0:
    version "0.3.0"
    resolved "https://npm.xiaoheiban.cn/dynamic-dedupe/-/dynamic-dedupe-0.3.0.tgz#06e44c223f5e4e94d78ef9db23a6515ce2f962a1"
    integrity sha1-BuRMIj9eTpTXjvnbI6ZRXOL5YqE=
    dependencies:
      xtend "^4.0.0"
  
  emoji-regex@^7.0.1:
    version "7.0.3"
    resolved "https://npm.xiaoheiban.cn/emoji-regex/-/emoji-regex-7.0.3.tgz#933a04052860c85e83c122479c4748a8e4c72156"
    integrity sha1-kzoEBShgyF6DwSJHnEdIqOTHIVY=
  
  emoji-regex@^8.0.0:
    version "8.0.0"
    resolved "https://npm.xiaoheiban.cn/emoji-regex/-/emoji-regex-8.0.0.tgz#e818fd69ce5ccfcb404594f842963bf53164cc37"
    integrity sha1-6Bj9ac5cz8tARZT4QpY79TFkzDc=
  
  end-of-stream@^1.1.0:
    version "1.4.4"
    resolved "https://npm.xiaoheiban.cn/end-of-stream/-/end-of-stream-1.4.4.tgz#5ae64a5f45057baf3626ec14da0ca5e4b2431eb0"
    integrity sha1-WuZKX0UFe682JuwU2gyl5LJDHrA=
    dependencies:
      once "^1.4.0"
  
  error-ex@^1.2.0, error-ex@^1.3.1:
    version "1.3.2"
    resolved "https://npm.xiaoheiban.cn/error-ex/-/error-ex-1.3.2.tgz#b4ac40648107fdcdcfae242f428bea8a14d4f1bf"
    integrity sha1-tKxAZIEH/c3PriQvQovqihTU8b8=
    dependencies:
      is-arrayish "^0.2.1"
  
  escape-goat@^2.0.0:
    version "2.1.1"
    resolved "https://npm.xiaoheiban.cn/escape-goat/-/escape-goat-2.1.1.tgz#1b2dc77003676c457ec760b2dc68edb648188675"
    integrity sha1-Gy3HcANnbEV+x2Cy3GjttkgYhnU=
  
  escape-string-regexp@^1.0.5:
    version "1.0.5"
    resolved "https://npm.xiaoheiban.cn/escape-string-regexp/-/escape-string-regexp-1.0.5.tgz#1b61c0562190a8dff6ae3bb2cf0200ca130b86d4"
    integrity sha1-G2HAViGQqN/2rjuyzwIAyhMLhtQ=
  
  esprima@^4.0.0:
    version "4.0.1"
    resolved "https://npm.xiaoheiban.cn/esprima/-/esprima-4.0.1.tgz#13b04cdb3e6c5d19df91ab6987a8695619b0aa71"
    integrity sha1-E7BM2z5sXRnfkatph6hpVhmwqnE=
  
  fill-range@^7.0.1:
    version "7.0.1"
    resolved "https://npm.xiaoheiban.cn/fill-range/-/fill-range-7.0.1.tgz#1919a6a7c75fe38b2c7c77e5198535da9acdda40"
    integrity sha1-GRmmp8df44ssfHflGYU12prN2kA=
    dependencies:
      to-regex-range "^5.0.1"
  
  find-parent-dir@^0.3.0:
    version "0.3.0"
    resolved "https://npm.xiaoheiban.cn/find-parent-dir/-/find-parent-dir-0.3.0.tgz#33c44b429ab2b2f0646299c5f9f718f376ff8d54"
    integrity sha1-M8RLQpqysvBkYpnF+fcY83b/jVQ=
  
  find-up@^1.0.0:
    version "1.1.2"
    resolved "https://npm.xiaoheiban.cn/find-up/-/find-up-1.1.2.tgz#6b2e9822b1a2ce0a60ab64d610eccad53cb24d0f"
    integrity sha1-ay6YIrGizgpgq2TWEOzK1TyyTQ8=
    dependencies:
      path-exists "^2.0.0"
      pinkie-promise "^2.0.0"
  
  find-up@^4.0.0, find-up@^4.1.0:
    version "4.1.0"
    resolved "https://npm.xiaoheiban.cn/find-up/-/find-up-4.1.0.tgz#97afe7d6cdc0bc5928584b7c8d7b16e8a9aa5d19"
    integrity sha1-l6/n1s3AvFkoWEt8jXsW6KmqXRk=
    dependencies:
      locate-path "^5.0.0"
      path-exists "^4.0.0"
  
  find-up@^5.0.0:
    version "5.0.0"
    resolved "https://npm.xiaoheiban.cn/find-up/-/find-up-5.0.0.tgz#4c92819ecb7083561e4f4a240a86be5198f536fc"
    integrity sha1-TJKBnstwg1YeT0okCoa+UZj1Nvw=
    dependencies:
      locate-path "^6.0.0"
      path-exists "^4.0.0"
  
  find-versions@^3.2.0:
    version "3.2.0"
    resolved "https://npm.xiaoheiban.cn/find-versions/-/find-versions-3.2.0.tgz#10297f98030a786829681690545ef659ed1d254e"
    integrity sha1-ECl/mAMKeGgpaBaQVF72We0dJU4=
    dependencies:
      semver-regex "^2.0.0"
  
  findup@0.1.5:
    version "0.1.5"
    resolved "https://npm.xiaoheiban.cn/findup/-/findup-0.1.5.tgz#8ad929a3393bac627957a7e5de4623b06b0e2ceb"
    integrity sha1-itkpozk7rGJ5V6fl3kYjsGsOLOs=
    dependencies:
      colors "~0.6.0-1"
      commander "~2.1.0"
  
  fs-extra@^9.0.0:
    version "9.0.1"
    resolved "https://npm.xiaoheiban.cn/fs-extra/-/fs-extra-9.0.1.tgz#910da0062437ba4c39fedd863f1675ccfefcb9fc"
    integrity sha1-kQ2gBiQ3ukw5/t2GPxZ1zP78ufw=
    dependencies:
      at-least-node "^1.0.0"
      graceful-fs "^4.2.0"
      jsonfile "^6.0.1"
      universalify "^1.0.0"
  
  fs.realpath@^1.0.0:
    version "1.0.0"
    resolved "https://npm.xiaoheiban.cn/fs.realpath/-/fs.realpath-1.0.0.tgz#1504ad2523158caa40db4a2787cb01411994ea4f"
    integrity sha1-FQStJSMVjKpA20onh8sBQRmU6k8=
  
  fsevents@~2.1.2:
    version "2.1.3"
    resolved "https://npm.xiaoheiban.cn/fsevents/-/fsevents-2.1.3.tgz#fb738703ae8d2f9fe900c33836ddebee8b97f23e"
    integrity sha1-+3OHA66NL5/pAMM4Nt3r7ouX8j4=
  
  get-caller-file@^2.0.1:
    version "2.0.5"
    resolved "https://npm.xiaoheiban.cn/get-caller-file/-/get-caller-file-2.0.5.tgz#4f94412a82db32f36e3b0b9741f8a97feb031f7e"
    integrity sha1-T5RBKoLbMvNuOwuXQfipf+sDH34=
  
  get-stdin@8.0.0:
    version "8.0.0"
    resolved "https://npm.xiaoheiban.cn/get-stdin/-/get-stdin-8.0.0.tgz#cbad6a73feb75f6eeb22ba9e01f89aa28aa97a53"
    integrity sha1-y61qc/63X27rIrqeAfiaooqpelM=
  
  get-stdin@^4.0.1:
    version "4.0.1"
    resolved "https://npm.xiaoheiban.cn/get-stdin/-/get-stdin-4.0.1.tgz#b968c6b0a04384324902e8bf1a5df32579a450fe"
    integrity sha1-uWjGsKBDhDJJAui/Gl3zJXmkUP4=
  
  get-stream@^4.1.0:
    version "4.1.0"
    resolved "https://npm.xiaoheiban.cn/get-stream/-/get-stream-4.1.0.tgz#c1b255575f3dc21d59bfc79cd3d2b46b1c3a54b5"
    integrity sha1-wbJVV189wh1Zv8ec09K0axw6VLU=
    dependencies:
      pump "^3.0.0"
  
  get-stream@^5.1.0:
    version "5.2.0"
    resolved "https://npm.xiaoheiban.cn/get-stream/-/get-stream-5.2.0.tgz#4966a1795ee5ace65e706c4b7beb71257d6e22d3"
    integrity sha1-SWaheV7lrOZecGxLe+txJX1uItM=
    dependencies:
      pump "^3.0.0"
  
  git-raw-commits@^2.0.0:
    version "2.0.7"
    resolved "https://npm.xiaoheiban.cn/git-raw-commits/-/git-raw-commits-2.0.7.tgz#02e9357727a9755efa8e14dd5e59b381c29068fb"
    integrity sha1-Auk1dyepdV76jhTdXlmzgcKQaPs=
    dependencies:
      dargs "^7.0.0"
      lodash.template "^4.0.2"
      meow "^7.0.0"
      split2 "^2.0.0"
      through2 "^3.0.0"
  
  glob-parent@~5.1.0:
    version "5.1.1"
    resolved "https://npm.xiaoheiban.cn/glob-parent/-/glob-parent-5.1.1.tgz#b6c1ef417c4e5663ea498f1c45afac6916bbc229"
    integrity sha1-tsHvQXxOVmPqSY8cRa+saRa7wik=
    dependencies:
      is-glob "^4.0.1"
  
  glob@^7.1.1, glob@^7.1.3:
    version "7.1.6"
    resolved "https://npm.xiaoheiban.cn/glob/-/glob-7.1.6.tgz#141f33b81a7c2492e125594307480c46679278a6"
    integrity sha1-FB8zuBp8JJLhJVlDB0gMRmeSeKY=
    dependencies:
      fs.realpath "^1.0.0"
      inflight "^1.0.4"
      inherits "2"
      minimatch "^3.0.4"
      once "^1.3.0"
      path-is-absolute "^1.0.0"
  
  global-dirs@^0.1.1:
    version "0.1.1"
    resolved "https://npm.xiaoheiban.cn/global-dirs/-/global-dirs-0.1.1.tgz#b319c0dd4607f353f3be9cca4c72fc148c49f445"
    integrity sha1-sxnA3UYH81PzvpzKTHL8FIxJ9EU=
    dependencies:
      ini "^1.3.4"
  
  global-dirs@^2.0.1:
    version "2.0.1"
    resolved "https://npm.xiaoheiban.cn/global-dirs/-/global-dirs-2.0.1.tgz#acdf3bb6685bcd55cb35e8a052266569e9469201"
    integrity sha1-rN87tmhbzVXLNeigUiZlaelGkgE=
    dependencies:
      ini "^1.3.5"
  
  got@^9.6.0:
    version "9.6.0"
    resolved "https://npm.xiaoheiban.cn/got/-/got-9.6.0.tgz#edf45e7d67f99545705de1f7bbeeeb121765ed85"
    integrity sha1-7fRefWf5lUVwXeH3u+7rEhdl7YU=
    dependencies:
      "@sindresorhus/is" "^0.14.0"
      "@szmarczak/http-timer" "^1.1.2"
      cacheable-request "^6.0.0"
      decompress-response "^3.3.0"
      duplexer3 "^0.1.4"
      get-stream "^4.1.0"
      lowercase-keys "^1.0.1"
      mimic-response "^1.0.1"
      p-cancelable "^1.0.0"
      to-readable-stream "^1.0.0"
      url-parse-lax "^3.0.0"
  
  graceful-fs@^4.1.2, graceful-fs@^4.1.6, graceful-fs@^4.2.0:
    version "4.2.4"
    resolved "https://npm.xiaoheiban.cn/graceful-fs/-/graceful-fs-4.2.4.tgz#2256bde14d3632958c465ebc96dc467ca07a29fb"
    integrity sha1-Ila94U02MpWMRl68ltxGfKB6Kfs=
  
  hard-rejection@^2.1.0:
    version "2.1.0"
    resolved "https://npm.xiaoheiban.cn/hard-rejection/-/hard-rejection-2.1.0.tgz#1c6eda5c1685c63942766d79bb40ae773cecd883"
    integrity sha1-HG7aXBaFxjlCdm15u0Cudzzs2IM=
  
  has-flag@^3.0.0:
    version "3.0.0"
    resolved "https://npm.xiaoheiban.cn/has-flag/-/has-flag-3.0.0.tgz#b5d454dc2199ae225699f3467e5a07f3b955bafd"
    integrity sha1-tdRU3CGZriJWmfNGfloH87lVuv0=
  
  has-flag@^4.0.0:
    version "4.0.0"
    resolved "https://npm.xiaoheiban.cn/has-flag/-/has-flag-4.0.0.tgz#944771fd9c81c81265c4d6941860da06bb59479b"
    integrity sha1-lEdx/ZyByBJlxNaUGGDaBrtZR5s=
  
  has-yarn@^2.1.0:
    version "2.1.0"
    resolved "https://npm.xiaoheiban.cn/has-yarn/-/has-yarn-2.1.0.tgz#137e11354a7b5bf11aa5cb649cf0c6f3ff2b2e77"
    integrity sha1-E34RNUp7W/EapctknPDG8/8rLnc=
  
  hosted-git-info@^2.1.4:
    version "2.8.8"
    resolved "https://npm.xiaoheiban.cn/hosted-git-info/-/hosted-git-info-2.8.8.tgz#7539bd4bc1e0e0a895815a2e0262420b12858488"
    integrity sha1-dTm9S8Hg4KiVgVouAmJCCxKFhIg=
  
  http-cache-semantics@^4.0.0:
    version "4.1.0"
    resolved "https://npm.xiaoheiban.cn/http-cache-semantics/-/http-cache-semantics-4.1.0.tgz#49e91c5cbf36c9b94bcfcd71c23d5249ec74e390"
    integrity sha1-SekcXL82yblLz81xwj1SSex045A=
  
  husky@^4.3.0:
    version "4.3.0"
    resolved "https://npm.xiaoheiban.cn/husky/-/husky-4.3.0.tgz#0b2ec1d66424e9219d359e26a51c58ec5278f0de"
    integrity sha1-Cy7B1mQk6SGdNZ4mpRxY7FJ48N4=
    dependencies:
      chalk "^4.0.0"
      ci-info "^2.0.0"
      compare-versions "^3.6.0"
      cosmiconfig "^7.0.0"
      find-versions "^3.2.0"
      opencollective-postinstall "^2.0.2"
      pkg-dir "^4.2.0"
      please-upgrade-node "^3.2.0"
      slash "^3.0.0"
      which-pm-runs "^1.0.0"
  
  ignore-by-default@^1.0.1:
    version "1.0.1"
    resolved "https://npm.xiaoheiban.cn/ignore-by-default/-/ignore-by-default-1.0.1.tgz#48ca6d72f6c6a3af00a9ad4ae6876be3889e2b09"
    integrity sha1-SMptcvbGo68Aqa1K5odr44ieKwk=
  
  import-fresh@^3.0.0, import-fresh@^3.2.1:
    version "3.2.1"
    resolved "https://npm.xiaoheiban.cn/import-fresh/-/import-fresh-3.2.1.tgz#633ff618506e793af5ac91bf48b72677e15cbe66"
    integrity sha1-Yz/2GFBueTr1rJG/SLcmd+FcvmY=
    dependencies:
      parent-module "^1.0.0"
      resolve-from "^4.0.0"
  
  import-lazy@^2.1.0:
    version "2.1.0"
    resolved "https://npm.xiaoheiban.cn/import-lazy/-/import-lazy-2.1.0.tgz#05698e3d45c88e8d7e9d92cb0584e77f096f3e43"
    integrity sha1-BWmOPUXIjo1+nZLLBYTnfwlvPkM=
  
  imurmurhash@^0.1.4:
    version "0.1.4"
    resolved "https://npm.xiaoheiban.cn/imurmurhash/-/imurmurhash-0.1.4.tgz#9218b9b2b928a238b13dc4fb6b6d576f231453ea"
    integrity sha1-khi5srkoojixPcT7a21XbyMUU+o=
  
  indent-string@^2.1.0:
    version "2.1.0"
    resolved "https://npm.xiaoheiban.cn/indent-string/-/indent-string-2.1.0.tgz#8e2d48348742121b4a8218b7a137e9a52049dc80"
    integrity sha1-ji1INIdCEhtKghi3oTfppSBJ3IA=
    dependencies:
      repeating "^2.0.0"
  
  indent-string@^4.0.0:
    version "4.0.0"
    resolved "https://npm.xiaoheiban.cn/indent-string/-/indent-string-4.0.0.tgz#624f8f4497d619b2d9768531d58f4122854d7251"
    integrity sha1-Yk+PRJfWGbLZdoUx1Y9BIoVNclE=
  
  inflight@^1.0.4:
    version "1.0.6"
    resolved "https://npm.xiaoheiban.cn/inflight/-/inflight-1.0.6.tgz#49bd6331d7d02d0c09bc910a1075ba8165b56df9"
    integrity sha1-Sb1jMdfQLQwJvJEKEHW6gWW1bfk=
    dependencies:
      once "^1.3.0"
      wrappy "1"
  
  inherits@2, inherits@^2.0.3, inherits@^2.0.4, inherits@~2.0.3:
    version "2.0.4"
    resolved "https://npm.xiaoheiban.cn/inherits/-/inherits-2.0.4.tgz#0fa2c64f932917c3433a0ded55363aae37416b7c"
    integrity sha1-D6LGT5MpF8NDOg3tVTY6rjdBa3w=
  
  ini@^1.3.4, ini@^1.3.5, ini@~1.3.0:
    version "1.3.5"
    resolved "https://npm.xiaoheiban.cn/ini/-/ini-1.3.5.tgz#eee25f56db1c9ec6085e0c22778083f596abf927"
    integrity sha1-7uJfVtscnsYIXgwid4CD9Zar+Sc=
  
  is-arrayish@^0.2.1:
    version "0.2.1"
    resolved "https://npm.xiaoheiban.cn/is-arrayish/-/is-arrayish-0.2.1.tgz#77c99840527aa8ecb1a8ba697b80645a7a926a9d"
    integrity sha1-d8mYQFJ6qOyxqLppe4BkWnqSap0=
  
  is-binary-path@~2.1.0:
    version "2.1.0"
    resolved "https://npm.xiaoheiban.cn/is-binary-path/-/is-binary-path-2.1.0.tgz#ea1f7f3b80f064236e83470f86c09c254fb45b09"
    integrity sha1-6h9/O4DwZCNug0cPhsCcJU+0Wwk=
    dependencies:
      binary-extensions "^2.0.0"
  
  is-ci@^2.0.0:
    version "2.0.0"
    resolved "https://npm.xiaoheiban.cn/is-ci/-/is-ci-2.0.0.tgz#6bc6334181810e04b5c22b3d589fdca55026404c"
    integrity sha1-a8YzQYGBDgS1wis9WJ/cpVAmQEw=
    dependencies:
      ci-info "^2.0.0"
  
  is-extglob@^2.1.1:
    version "2.1.1"
    resolved "https://npm.xiaoheiban.cn/is-extglob/-/is-extglob-2.1.1.tgz#a88c02535791f02ed37c76a1b9ea9773c833f8c2"
    integrity sha1-qIwCU1eR8C7TfHahueqXc8gz+MI=
  
  is-finite@^1.0.0:
    version "1.1.0"
    resolved "https://npm.xiaoheiban.cn/is-finite/-/is-finite-1.1.0.tgz#904135c77fb42c0641d6aa1bcdbc4daa8da082f3"
    integrity sha1-kEE1x3+0LAZB1qobzbxNqo2ggvM=
  
  is-fullwidth-code-point@^2.0.0:
    version "2.0.0"
    resolved "https://npm.xiaoheiban.cn/is-fullwidth-code-point/-/is-fullwidth-code-point-2.0.0.tgz#a3b30a5c4f199183167aaab93beefae3ddfb654f"
    integrity sha1-o7MKXE8ZkYMWeqq5O+764937ZU8=
  
  is-fullwidth-code-point@^3.0.0:
    version "3.0.0"
    resolved "https://npm.xiaoheiban.cn/is-fullwidth-code-point/-/is-fullwidth-code-point-3.0.0.tgz#f116f8064fe90b3f7844a38997c0b75051269f1d"
    integrity sha1-8Rb4Bk/pCz94RKOJl8C3UFEmnx0=
  
  is-glob@^4.0.1, is-glob@~4.0.1:
    version "4.0.1"
    resolved "https://npm.xiaoheiban.cn/is-glob/-/is-glob-4.0.1.tgz#7567dbe9f2f5e2467bc77ab83c4a29482407a5dc"
    integrity sha1-dWfb6fL14kZ7x3q4PEopSCQHpdw=
    dependencies:
      is-extglob "^2.1.1"
  
  is-installed-globally@^0.3.1:
    version "0.3.2"
    resolved "https://npm.xiaoheiban.cn/is-installed-globally/-/is-installed-globally-0.3.2.tgz#fd3efa79ee670d1187233182d5b0a1dd00313141"
    integrity sha1-/T76ee5nDRGHIzGC1bCh3QAxMUE=
    dependencies:
      global-dirs "^2.0.1"
      is-path-inside "^3.0.1"
  
  is-npm@^4.0.0:
    version "4.0.0"
    resolved "https://npm.xiaoheiban.cn/is-npm/-/is-npm-4.0.0.tgz#c90dd8380696df87a7a6d823c20d0b12bbe3c84d"
    integrity sha1-yQ3YOAaW34enptgjwg0LErvjyE0=
  
  is-number@^7.0.0:
    version "7.0.0"
    resolved "https://npm.xiaoheiban.cn/is-number/-/is-number-7.0.0.tgz#7535345b896734d5f80c4d06c50955527a14f12b"
    integrity sha1-dTU0W4lnNNX4DE0GxQlVUnoU8Ss=
  
  is-obj@^2.0.0:
    version "2.0.0"
    resolved "https://npm.xiaoheiban.cn/is-obj/-/is-obj-2.0.0.tgz#473fb05d973705e3fd9620545018ca8e22ef4982"
    integrity sha1-Rz+wXZc3BeP9liBUUBjKjiLvSYI=
  
  is-path-inside@^3.0.1:
    version "3.0.2"
    resolved "https://npm.xiaoheiban.cn/is-path-inside/-/is-path-inside-3.0.2.tgz#f5220fc82a3e233757291dddc9c5877f2a1f3017"
    integrity sha1-9SIPyCo+IzdXKR3dycWHfyofMBc=
  
  is-plain-obj@^1.1.0:
    version "1.1.0"
    resolved "https://npm.xiaoheiban.cn/is-plain-obj/-/is-plain-obj-1.1.0.tgz#71a50c8429dfca773c92a390a4a03b39fcd51d3e"
    integrity sha1-caUMhCnfync8kqOQpKA7OfzVHT4=
  
  is-text-path@^1.0.1:
    version "1.0.1"
    resolved "https://npm.xiaoheiban.cn/is-text-path/-/is-text-path-1.0.1.tgz#4e1aa0fb51bfbcb3e92688001397202c1775b66e"
    integrity sha1-Thqg+1G/vLPpJogAE5cgLBd1tm4=
    dependencies:
      text-extensions "^1.0.0"
  
  is-typedarray@^1.0.0:
    version "1.0.0"
    resolved "https://npm.xiaoheiban.cn/is-typedarray/-/is-typedarray-1.0.0.tgz#e479c80858df0c1b11ddda6940f96011fcda4a9a"
    integrity sha1-5HnICFjfDBsR3dppQPlgEfzaSpo=
  
  is-utf8@^0.2.0:
    version "0.2.1"
    resolved "https://npm.xiaoheiban.cn/is-utf8/-/is-utf8-0.2.1.tgz#4b0da1442104d1b336340e80797e865cf39f7d72"
    integrity sha1-Sw2hRCEE0bM2NA6AeX6GXPOffXI=
  
  is-yarn-global@^0.3.0:
    version "0.3.0"
    resolved "https://npm.xiaoheiban.cn/is-yarn-global/-/is-yarn-global-0.3.0.tgz#d502d3382590ea3004893746754c89139973e232"
    integrity sha1-1QLTOCWQ6jAEiTdGdUyJE5lz4jI=
  
  isarray@~1.0.0:
    version "1.0.0"
    resolved "https://npm.xiaoheiban.cn/isarray/-/isarray-1.0.0.tgz#bb935d48582cba168c06834957a54a3e07124f11"
    integrity sha1-u5NdSFgsuhaMBoNJV6VKPgcSTxE=
  
  js-tokens@^4.0.0:
    version "4.0.0"
    resolved "https://npm.xiaoheiban.cn/js-tokens/-/js-tokens-4.0.0.tgz#19203fb59991df98e3a287050d4647cdeaf32499"
    integrity sha1-GSA/tZmR35jjoocFDUZHzerzJJk=
  
  js-yaml@^3.13.1:
    version "3.14.0"
    resolved "https://npm.xiaoheiban.cn/js-yaml/-/js-yaml-3.14.0.tgz#a7a34170f26a21bb162424d8adacb4113a69e482"
    integrity sha1-p6NBcPJqIbsWJCTYray0ETpp5II=
    dependencies:
      argparse "^1.0.7"
      esprima "^4.0.0"
  
  json-buffer@3.0.0:
    version "3.0.0"
    resolved "https://npm.xiaoheiban.cn/json-buffer/-/json-buffer-3.0.0.tgz#5b1f397afc75d677bde8bcfc0e47e1f9a3d9a898"
    integrity sha1-Wx85evx11ne96Lz8Dkfh+aPZqJg=
  
  json-parse-even-better-errors@^2.3.0:
    version "2.3.1"
    resolved "https://npm.xiaoheiban.cn/json-parse-even-better-errors/-/json-parse-even-better-errors-2.3.1.tgz#7c47805a94319928e05777405dc12e1f7a4ee02d"
    integrity sha1-fEeAWpQxmSjgV3dAXcEuH3pO4C0=
  
  jsonfile@^6.0.1:
    version "6.0.1"
    resolved "https://npm.xiaoheiban.cn/jsonfile/-/jsonfile-6.0.1.tgz#98966cba214378c8c84b82e085907b40bf614179"
    integrity sha1-mJZsuiFDeMjIS4LghZB7QL9hQXk=
    dependencies:
      universalify "^1.0.0"
    optionalDependencies:
      graceful-fs "^4.1.6"
  
  jsonparse@^1.2.0:
    version "1.3.1"
    resolved "https://npm.xiaoheiban.cn/jsonparse/-/jsonparse-1.3.1.tgz#3f4dae4a91fac315f71062f8521cc239f1366280"
    integrity sha1-P02uSpH6wxX3EGL4UhzCOfE2YoA=
  
  keyv@^3.0.0:
    version "3.1.0"
    resolved "https://npm.xiaoheiban.cn/keyv/-/keyv-3.1.0.tgz#ecc228486f69991e49e9476485a5be1e8fc5c4d9"
    integrity sha1-7MIoSG9pmR5J6UdkhaW+Ho/FxNk=
    dependencies:
      json-buffer "3.0.0"
  
  kind-of@^6.0.3:
    version "6.0.3"
    resolved "https://npm.xiaoheiban.cn/kind-of/-/kind-of-6.0.3.tgz#07c05034a6c349fa06e24fa35aa76db4580ce4dd"
    integrity sha1-B8BQNKbDSfoG4k+jWqdttFgM5N0=
  
  latest-version@^5.0.0:
    version "5.1.0"
    resolved "https://npm.xiaoheiban.cn/latest-version/-/latest-version-5.1.0.tgz#119dfe908fe38d15dfa43ecd13fa12ec8832face"
    integrity sha1-EZ3+kI/jjRXfpD7NE/oS7Igy+s4=
    dependencies:
      package-json "^6.3.0"
  
  lines-and-columns@^1.1.6:
    version "1.1.6"
    resolved "https://npm.xiaoheiban.cn/lines-and-columns/-/lines-and-columns-1.1.6.tgz#1c00c743b433cd0a4e80758f7b64a57440d9ff00"
    integrity sha1-HADHQ7QzzQpOgHWPe2SldEDZ/wA=
  
  load-json-file@^1.0.0:
    version "1.1.0"
    resolved "https://npm.xiaoheiban.cn/load-json-file/-/load-json-file-1.1.0.tgz#956905708d58b4bab4c2261b04f59f31c99374c0"
    integrity sha1-lWkFcI1YtLq0wiYbBPWfMcmTdMA=
    dependencies:
      graceful-fs "^4.1.2"
      parse-json "^2.2.0"
      pify "^2.0.0"
      pinkie-promise "^2.0.0"
      strip-bom "^2.0.0"
  
  locate-path@^5.0.0:
    version "5.0.0"
    resolved "https://npm.xiaoheiban.cn/locate-path/-/locate-path-5.0.0.tgz#1afba396afd676a6d42504d0a67a3a7eb9f62aa0"
    integrity sha1-Gvujlq/WdqbUJQTQpno6frn2KqA=
    dependencies:
      p-locate "^4.1.0"
  
  locate-path@^6.0.0:
    version "6.0.0"
    resolved "https://npm.xiaoheiban.cn/locate-path/-/locate-path-6.0.0.tgz#55321eb309febbc59c4801d931a72452a681d286"
    integrity sha1-VTIeswn+u8WcSAHZMackUqaB0oY=
    dependencies:
      p-locate "^5.0.0"
  
  lodash._reinterpolate@^3.0.0:
    version "3.0.0"
    resolved "https://npm.xiaoheiban.cn/lodash._reinterpolate/-/lodash._reinterpolate-3.0.0.tgz#0ccf2d89166af03b3663c796538b75ac6e114d9d"
    integrity sha1-DM8tiRZq8Ds2Y8eWU4t1rG4RTZ0=
  
  lodash.template@^4.0.2:
    version "4.5.0"
    resolved "https://npm.xiaoheiban.cn/lodash.template/-/lodash.template-4.5.0.tgz#f976195cf3f347d0d5f52483569fe8031ccce8ab"
    integrity sha1-+XYZXPPzR9DV9SSDVp/oAxzM6Ks=
    dependencies:
      lodash._reinterpolate "^3.0.0"
      lodash.templatesettings "^4.0.0"
  
  lodash.templatesettings@^4.0.0:
    version "4.2.0"
    resolved "https://npm.xiaoheiban.cn/lodash.templatesettings/-/lodash.templatesettings-4.2.0.tgz#e481310f049d3cf6d47e912ad09313b154f0fb33"
    integrity sha1-5IExDwSdPPbUfpEq0JMTsVTw+zM=
    dependencies:
      lodash._reinterpolate "^3.0.0"
  
  lodash@^4.17.15, lodash@^4.17.19:
    version "4.17.20"
    resolved "https://npm.xiaoheiban.cn/lodash/-/lodash-4.17.20.tgz#b44a9b6297bcb698f1c51a3545a2b3b368d59c52"
    integrity sha1-tEqbYpe8tpjxxRo1RaKzs2jVnFI=
  
  loud-rejection@^1.0.0:
    version "1.6.0"
    resolved "https://npm.xiaoheiban.cn/loud-rejection/-/loud-rejection-1.6.0.tgz#5b46f80147edee578870f086d04821cf998e551f"
    integrity sha1-W0b4AUft7leIcPCG0Eghz5mOVR8=
    dependencies:
      currently-unhandled "^0.4.1"
      signal-exit "^3.0.0"
  
  lowercase-keys@^1.0.0, lowercase-keys@^1.0.1:
    version "1.0.1"
    resolved "https://npm.xiaoheiban.cn/lowercase-keys/-/lowercase-keys-1.0.1.tgz#6f9e30b47084d971a7c820ff15a6c5167b74c26f"
    integrity sha1-b54wtHCE2XGnyCD/FabFFnt0wm8=
  
  lowercase-keys@^2.0.0:
    version "2.0.0"
    resolved "https://npm.xiaoheiban.cn/lowercase-keys/-/lowercase-keys-2.0.0.tgz#2603e78b7b4b0006cbca2fbcc8a3202558ac9479"
    integrity sha1-JgPni3tLAAbLyi+8yKMgJVislHk=
  
  make-dir@^3.0.0:
    version "3.1.0"
    resolved "https://npm.xiaoheiban.cn/make-dir/-/make-dir-3.1.0.tgz#415e967046b3a7f1d185277d84aa58203726a13f"
    integrity sha1-QV6WcEazp/HRhSd9hKpYIDcmoT8=
    dependencies:
      semver "^6.0.0"
  
  make-error@^1.1.1:
    version "1.3.6"
    resolved "https://npm.xiaoheiban.cn/make-error/-/make-error-1.3.6.tgz#2eb2e37ea9b67c4891f684a1394799af484cf7a2"
    integrity sha1-LrLjfqm2fEiR9oShOUeZr0hM96I=
  
  map-obj@^1.0.0, map-obj@^1.0.1:
    version "1.0.1"
    resolved "https://npm.xiaoheiban.cn/map-obj/-/map-obj-1.0.1.tgz#d933ceb9205d82bdcf4886f6742bdc2b4dea146d"
    integrity sha1-2TPOuSBdgr3PSIb2dCvcK03qFG0=
  
  map-obj@^4.0.0:
    version "4.1.0"
    resolved "https://npm.xiaoheiban.cn/map-obj/-/map-obj-4.1.0.tgz#b91221b542734b9f14256c0132c897c5d7256fd5"
    integrity sha1-uRIhtUJzS58UJWwBMsiXxdclb9U=
  
  meow@^3.3.0:
    version "3.7.0"
    resolved "https://npm.xiaoheiban.cn/meow/-/meow-3.7.0.tgz#72cb668b425228290abbfa856892587308a801fb"
    integrity sha1-cstmi0JSKCkKu/qFaJJYcwioAfs=
    dependencies:
      camelcase-keys "^2.0.0"
      decamelize "^1.1.2"
      loud-rejection "^1.0.0"
      map-obj "^1.0.1"
      minimist "^1.1.3"
      normalize-package-data "^2.3.4"
      object-assign "^4.0.1"
      read-pkg-up "^1.0.1"
      redent "^1.0.0"
      trim-newlines "^1.0.0"
  
  meow@^7.0.0:
    version "7.1.1"
    resolved "https://npm.xiaoheiban.cn/meow/-/meow-7.1.1.tgz#7c01595e3d337fcb0ec4e8eed1666ea95903d306"
    integrity sha1-fAFZXj0zf8sOxOju0WZuqVkD0wY=
    dependencies:
      "@types/minimist" "^1.2.0"
      camelcase-keys "^6.2.2"
      decamelize-keys "^1.1.0"
      hard-rejection "^2.1.0"
      minimist-options "4.1.0"
      normalize-package-data "^2.5.0"
      read-pkg-up "^7.0.1"
      redent "^3.0.0"
      trim-newlines "^3.0.0"
      type-fest "^0.13.1"
      yargs-parser "^18.1.3"
  
  mimic-response@^1.0.0, mimic-response@^1.0.1:
    version "1.0.1"
    resolved "https://npm.xiaoheiban.cn/mimic-response/-/mimic-response-1.0.1.tgz#4923538878eef42063cb8a3e3b0798781487ab1b"
    integrity sha1-SSNTiHju9CBjy4o+OweYeBSHqxs=
  
  min-indent@^1.0.0:
    version "1.0.1"
    resolved "https://npm.xiaoheiban.cn/min-indent/-/min-indent-1.0.1.tgz#a63f681673b30571fbe8bc25686ae746eefa9869"
    integrity sha1-pj9oFnOzBXH76LwlaGrnRu76mGk=
  
  minimatch@^3.0.4:
    version "3.0.4"
    resolved "https://npm.xiaoheiban.cn/minimatch/-/minimatch-3.0.4.tgz#5166e286457f03306064be5497e8dbb0c3d32083"
    integrity sha1-UWbihkV/AzBgZL5Ul+jbsMPTIIM=
    dependencies:
      brace-expansion "^1.1.7"
  
  minimist-options@4.1.0:
    version "4.1.0"
    resolved "https://npm.xiaoheiban.cn/minimist-options/-/minimist-options-4.1.0.tgz#c0655713c53a8a2ebd77ffa247d342c40f010619"
    integrity sha1-wGVXE8U6ii69d/+iR9NCxA8BBhk=
    dependencies:
      arrify "^1.0.1"
      is-plain-obj "^1.1.0"
      kind-of "^6.0.3"
  
  minimist@^1.1.3, minimist@^1.2.0, minimist@^1.2.5:
    version "1.2.5"
    resolved "https://npm.xiaoheiban.cn/minimist/-/minimist-1.2.5.tgz#67d66014b66a6a8aaa0c083c5fd58df4e4e97602"
    integrity sha1-Z9ZgFLZqaoqqDAg8X9WN9OTpdgI=
  
  mkdirp@^0.5.3:
    version "0.5.5"
    resolved "https://npm.xiaoheiban.cn/mkdirp/-/mkdirp-0.5.5.tgz#d91cefd62d1436ca0f41620e251288d420099def"
    integrity sha1-2Rzv1i0UNsoPQWIOJRKI1CAJne8=
    dependencies:
      minimist "^1.2.5"
  
  mkdirp@^1.0.4:
    version "1.0.4"
    resolved "https://npm.xiaoheiban.cn/mkdirp/-/mkdirp-1.0.4.tgz#3eb5ed62622756d79a5f0e2a221dfebad75c2f7e"
    integrity sha1-PrXtYmInVteaXw4qIh3+utdcL34=
  
  ms@2.0.0:
    version "2.0.0"
    resolved "https://npm.xiaoheiban.cn/ms/-/ms-2.0.0.tgz#5608aeadfc00be6c2901df5f9861788de0d597c8"
    integrity sha1-VgiurfwAvmwpAd9fmGF4jeDVl8g=
  
  ms@^2.1.1:
    version "2.1.2"
    resolved "https://npm.xiaoheiban.cn/ms/-/ms-2.1.2.tgz#d09d1f357b443f493382a8eb3ccd183872ae6009"
    integrity sha1-0J0fNXtEP0kzgqjrPM0YOHKuYAk=
  
  nodemon@^2.0.4:
    version "2.0.4"
    resolved "https://npm.xiaoheiban.cn/nodemon/-/nodemon-2.0.4.tgz#55b09319eb488d6394aa9818148c0c2d1c04c416"
    integrity sha1-VbCTGetIjWOUqpgYFIwMLRwExBY=
    dependencies:
      chokidar "^3.2.2"
      debug "^3.2.6"
      ignore-by-default "^1.0.1"
      minimatch "^3.0.4"
      pstree.remy "^1.1.7"
      semver "^5.7.1"
      supports-color "^5.5.0"
      touch "^3.1.0"
      undefsafe "^2.0.2"
      update-notifier "^4.0.0"
  
  nopt@~1.0.10:
    version "1.0.10"
    resolved "https://npm.xiaoheiban.cn/nopt/-/nopt-1.0.10.tgz#6ddd21bd2a31417b92727dd585f8a6f37608ebee"
    integrity sha1-bd0hvSoxQXuScn3Vhfim83YI6+4=
    dependencies:
      abbrev "1"
  
  normalize-package-data@^2.3.2, normalize-package-data@^2.3.4, normalize-package-data@^2.5.0:
    version "2.5.0"
    resolved "https://npm.xiaoheiban.cn/normalize-package-data/-/normalize-package-data-2.5.0.tgz#e66db1838b200c1dfc233225d12cb36520e234a8"
    integrity sha1-5m2xg4sgDB38IzIl0SyzZSDiNKg=
    dependencies:
      hosted-git-info "^2.1.4"
      resolve "^1.10.0"
      semver "2 || 3 || 4 || 5"
      validate-npm-package-license "^3.0.1"
  
  normalize-path@^3.0.0, normalize-path@~3.0.0:
    version "3.0.0"
    resolved "https://npm.xiaoheiban.cn/normalize-path/-/normalize-path-3.0.0.tgz#0dcd69ff23a1c9b11fd0978316644a0388216a65"
    integrity sha1-Dc1p/yOhybEf0JeDFmRKA4ghamU=
  
  normalize-url@^4.1.0:
    version "4.5.0"
    resolved "https://npm.xiaoheiban.cn/normalize-url/-/normalize-url-4.5.0.tgz#453354087e6ca96957bd8f5baf753f5982142129"
    integrity sha1-RTNUCH5sqWlXvY9br3U/WYIUISk=
  
  object-assign@^4.0.1:
    version "4.1.1"
    resolved "https://npm.xiaoheiban.cn/object-assign/-/object-assign-4.1.1.tgz#2109adc7965887cfc05cbbd442cac8bfbb360863"
    integrity sha1-IQmtx5ZYh8/AXLvUQsrIv7s2CGM=
  
  once@^1.3.0, once@^1.3.1, once@^1.4.0:
    version "1.4.0"
    resolved "https://npm.xiaoheiban.cn/once/-/once-1.4.0.tgz#583b1aa775961d4b113ac17d9c50baef9dd76bd1"
    integrity sha1-WDsap3WWHUsROsF9nFC6753Xa9E=
    dependencies:
      wrappy "1"
  
  opencollective-postinstall@^2.0.2:
    version "2.0.3"
    resolved "https://npm.xiaoheiban.cn/opencollective-postinstall/-/opencollective-postinstall-2.0.3.tgz#7a0fff978f6dbfa4d006238fbac98ed4198c3259"
    integrity sha1-eg//l49tv6TQBiOPusmO1BmMMlk=
  
  p-cancelable@^1.0.0:
    version "1.1.0"
    resolved "https://npm.xiaoheiban.cn/p-cancelable/-/p-cancelable-1.1.0.tgz#d078d15a3af409220c886f1d9a0ca2e441ab26cc"
    integrity sha1-0HjRWjr0CSIMiG8dmgyi5EGrJsw=
  
  p-limit@^2.2.0:
    version "2.3.0"
    resolved "https://npm.xiaoheiban.cn/p-limit/-/p-limit-2.3.0.tgz#3dd33c647a214fdfffd835933eb086da0dc21db1"
    integrity sha1-PdM8ZHohT9//2DWTPrCG2g3CHbE=
    dependencies:
      p-try "^2.0.0"
  
  p-limit@^3.0.2:
    version "3.0.2"
    resolved "https://npm.xiaoheiban.cn/p-limit/-/p-limit-3.0.2.tgz#1664e010af3cadc681baafd3e2a437be7b0fb5fe"
    integrity sha1-FmTgEK88rcaBuq/T4qQ3vnsPtf4=
    dependencies:
      p-try "^2.0.0"
  
  p-locate@^4.1.0:
    version "4.1.0"
    resolved "https://npm.xiaoheiban.cn/p-locate/-/p-locate-4.1.0.tgz#a3428bb7088b3a60292f66919278b7c297ad4f07"
    integrity sha1-o0KLtwiLOmApL2aRkni3wpetTwc=
    dependencies:
      p-limit "^2.2.0"
  
  p-locate@^5.0.0:
    version "5.0.0"
    resolved "https://npm.xiaoheiban.cn/p-locate/-/p-locate-5.0.0.tgz#83c8315c6785005e3bd021839411c9e110e6d834"
    integrity sha1-g8gxXGeFAF470CGDlBHJ4RDm2DQ=
    dependencies:
      p-limit "^3.0.2"
  
  p-try@^2.0.0:
    version "2.2.0"
    resolved "https://npm.xiaoheiban.cn/p-try/-/p-try-2.2.0.tgz#cb2868540e313d61de58fafbe35ce9004d5540e6"
    integrity sha1-yyhoVA4xPWHeWPr741zpAE1VQOY=
  
  package-json@^6.3.0:
    version "6.5.0"
    resolved "https://npm.xiaoheiban.cn/package-json/-/package-json-6.5.0.tgz#6feedaca35e75725876d0b0e64974697fed145b0"
    integrity sha1-b+7ayjXnVyWHbQsOZJdGl/7RRbA=
    dependencies:
      got "^9.6.0"
      registry-auth-token "^4.0.0"
      registry-url "^5.0.0"
      semver "^6.2.0"
  
  parent-module@^1.0.0:
    version "1.0.1"
    resolved "https://npm.xiaoheiban.cn/parent-module/-/parent-module-1.0.1.tgz#691d2709e78c79fae3a156622452d00762caaaa2"
    integrity sha1-aR0nCeeMefrjoVZiJFLQB2LKqqI=
    dependencies:
      callsites "^3.0.0"
  
  parse-json@^2.2.0:
    version "2.2.0"
    resolved "https://npm.xiaoheiban.cn/parse-json/-/parse-json-2.2.0.tgz#f480f40434ef80741f8469099f8dea18f55a4dc9"
    integrity sha1-9ID0BDTvgHQfhGkJn43qGPVaTck=
    dependencies:
      error-ex "^1.2.0"
  
  parse-json@^5.0.0:
    version "5.1.0"
    resolved "https://npm.xiaoheiban.cn/parse-json/-/parse-json-5.1.0.tgz#f96088cdf24a8faa9aea9a009f2d9d942c999646"
    integrity sha1-+WCIzfJKj6qa6poAny2dlCyZlkY=
    dependencies:
      "@babel/code-frame" "^7.0.0"
      error-ex "^1.3.1"
      json-parse-even-better-errors "^2.3.0"
      lines-and-columns "^1.1.6"
  
  path-exists@^2.0.0:
    version "2.1.0"
    resolved "https://npm.xiaoheiban.cn/path-exists/-/path-exists-2.1.0.tgz#0feb6c64f0fc518d9a754dd5efb62c7022761f4b"
    integrity sha1-D+tsZPD8UY2adU3V77YscCJ2H0s=
    dependencies:
      pinkie-promise "^2.0.0"
  
  path-exists@^4.0.0:
    version "4.0.0"
    resolved "https://npm.xiaoheiban.cn/path-exists/-/path-exists-4.0.0.tgz#513bdbe2d3b95d7762e8c1137efa195c6c61b5b3"
    integrity sha1-UTvb4tO5XXdi6METfvoZXGxhtbM=
  
  path-is-absolute@^1.0.0:
    version "1.0.1"
    resolved "https://npm.xiaoheiban.cn/path-is-absolute/-/path-is-absolute-1.0.1.tgz#174b9268735534ffbc7ace6bf53a5a9e1b5c5f5f"
    integrity sha1-F0uSaHNVNP+8es5r9TpanhtcX18=
  
  path-parse@^1.0.6:
    version "1.0.6"
    resolved "https://npm.xiaoheiban.cn/path-parse/-/path-parse-1.0.6.tgz#d62dbb5679405d72c4737ec58600e9ddcf06d24c"
    integrity sha1-1i27VnlAXXLEc37FhgDp3c8G0kw=
  
  path-type@^1.0.0:
    version "1.1.0"
    resolved "https://npm.xiaoheiban.cn/path-type/-/path-type-1.1.0.tgz#59c44f7ee491da704da415da5a4070ba4f8fe441"
    integrity sha1-WcRPfuSR2nBNpBXaWkBwuk+P5EE=
    dependencies:
      graceful-fs "^4.1.2"
      pify "^2.0.0"
      pinkie-promise "^2.0.0"
  
  path-type@^4.0.0:
    version "4.0.0"
    resolved "https://npm.xiaoheiban.cn/path-type/-/path-type-4.0.0.tgz#84ed01c0a7ba380afe09d90a8c180dcd9d03043b"
    integrity sha1-hO0BwKe6OAr+CdkKjBgNzZ0DBDs=
  
  picomatch@^2.0.4, picomatch@^2.2.1:
    version "2.2.2"
    resolved "https://npm.xiaoheiban.cn/picomatch/-/picomatch-2.2.2.tgz#21f333e9b6b8eaff02468f5146ea406d345f4dad"
    integrity sha1-IfMz6ba46v8CRo9RRupAbTRfTa0=
  
  pify@^2.0.0:
    version "2.3.0"
    resolved "https://npm.xiaoheiban.cn/pify/-/pify-2.3.0.tgz#ed141a6ac043a849ea588498e7dca8b15330e90c"
    integrity sha1-7RQaasBDqEnqWISY59yosVMw6Qw=
  
  pinkie-promise@^2.0.0:
    version "2.0.1"
    resolved "https://npm.xiaoheiban.cn/pinkie-promise/-/pinkie-promise-2.0.1.tgz#2135d6dfa7a358c069ac9b178776288228450ffa"
    integrity sha1-ITXW36ejWMBprJsXh3YogihFD/o=
    dependencies:
      pinkie "^2.0.0"
  
  pinkie@^2.0.0:
    version "2.0.4"
    resolved "https://npm.xiaoheiban.cn/pinkie/-/pinkie-2.0.4.tgz#72556b80cfa0d48a974e80e77248e80ed4f7f870"
    integrity sha1-clVrgM+g1IqXToDnckjoDtT3+HA=
  
  pkg-dir@^4.2.0:
    version "4.2.0"
    resolved "https://npm.xiaoheiban.cn/pkg-dir/-/pkg-dir-4.2.0.tgz#f099133df7ede422e81d1d8448270eeb3e4261f3"
    integrity sha1-8JkTPfft5CLoHR2ESCcO6z5CYfM=
    dependencies:
      find-up "^4.0.0"
  
  please-upgrade-node@^3.2.0:
    version "3.2.0"
    resolved "https://npm.xiaoheiban.cn/please-upgrade-node/-/please-upgrade-node-3.2.0.tgz#aeddd3f994c933e4ad98b99d9a556efa0e2fe942"
    integrity sha1-rt3T+ZTJM+StmLmdmlVu+g4v6UI=
    dependencies:
      semver-compare "^1.0.0"
  
  prepend-http@^2.0.0:
    version "2.0.0"
    resolved "https://npm.xiaoheiban.cn/prepend-http/-/prepend-http-2.0.0.tgz#e92434bfa5ea8c19f41cdfd401d741a3c819d897"
    integrity sha1-6SQ0v6XqjBn0HN/UAddBo8gZ2Jc=
  
  prettier@^2.1.1:
    version "2.1.1"
    resolved "https://npm.xiaoheiban.cn/prettier/-/prettier-2.1.1.tgz#d9485dd5e499daa6cb547023b87a6cf51bee37d6"
    integrity sha1-2Uhd1eSZ2qbLVHAjuHps9RvuN9Y=
  
  process-nextick-args@~2.0.0:
    version "2.0.1"
    resolved "https://npm.xiaoheiban.cn/process-nextick-args/-/process-nextick-args-2.0.1.tgz#7820d9b16120cc55ca9ae7792680ae7dba6d7fe2"
    integrity sha1-eCDZsWEgzFXKmud5JoCufbptf+I=
  
  pstree.remy@^1.1.7:
    version "1.1.8"
    resolved "https://npm.xiaoheiban.cn/pstree.remy/-/pstree.remy-1.1.8.tgz#c242224f4a67c21f686839bbdb4ac282b8373d3a"
    integrity sha1-wkIiT0pnwh9oaDm720rCgrg3PTo=
  
  pump@^3.0.0:
    version "3.0.0"
    resolved "https://npm.xiaoheiban.cn/pump/-/pump-3.0.0.tgz#b4a2116815bde2f4e1ea602354e8c75565107a64"
    integrity sha1-tKIRaBW94vTh6mAjVOjHVWUQemQ=
    dependencies:
      end-of-stream "^1.1.0"
      once "^1.3.1"
  
  pupa@^2.0.1:
    version "2.0.1"
    resolved "https://npm.xiaoheiban.cn/pupa/-/pupa-2.0.1.tgz#dbdc9ff48ffbea4a26a069b6f9f7abb051008726"
    integrity sha1-29yf9I/76komoGm2+fersFEAhyY=
    dependencies:
      escape-goat "^2.0.0"
  
  q@^1.5.1:
    version "1.5.1"
    resolved "https://npm.xiaoheiban.cn/q/-/q-1.5.1.tgz#7e32f75b41381291d04611f1bf14109ac00651d7"
    integrity sha1-fjL3W0E4EpHQRhHxvxQQmsAGUdc=
  
  quick-lru@^4.0.1:
    version "4.0.1"
    resolved "https://npm.xiaoheiban.cn/quick-lru/-/quick-lru-4.0.1.tgz#5b8878f113a58217848c6482026c73e1ba57727f"
    integrity sha1-W4h48ROlgheEjGSCAmxz4bpXcn8=
  
  rc@^1.2.8:
    version "1.2.8"
    resolved "https://npm.xiaoheiban.cn/rc/-/rc-1.2.8.tgz#cd924bf5200a075b83c188cd6b9e211b7fc0d3ed"
    integrity sha1-zZJL9SAKB1uDwYjNa54hG3/A0+0=
    dependencies:
      deep-extend "^0.6.0"
      ini "~1.3.0"
      minimist "^1.2.0"
      strip-json-comments "~2.0.1"
  
  read-pkg-up@^1.0.1:
    version "1.0.1"
    resolved "https://npm.xiaoheiban.cn/read-pkg-up/-/read-pkg-up-1.0.1.tgz#9d63c13276c065918d57f002a57f40a1b643fb02"
    integrity sha1-nWPBMnbAZZGNV/ACpX9AobZD+wI=
    dependencies:
      find-up "^1.0.0"
      read-pkg "^1.0.0"
  
  read-pkg-up@^7.0.1:
    version "7.0.1"
    resolved "https://npm.xiaoheiban.cn/read-pkg-up/-/read-pkg-up-7.0.1.tgz#f3a6135758459733ae2b95638056e1854e7ef507"
    integrity sha1-86YTV1hFlzOuK5VjgFbhhU5+9Qc=
    dependencies:
      find-up "^4.1.0"
      read-pkg "^5.2.0"
      type-fest "^0.8.1"
  
  read-pkg@^1.0.0:
    version "1.1.0"
    resolved "https://npm.xiaoheiban.cn/read-pkg/-/read-pkg-1.1.0.tgz#f5ffaa5ecd29cb31c0474bca7d756b6bb29e3f28"
    integrity sha1-9f+qXs0pyzHAR0vKfXVra7KePyg=
    dependencies:
      load-json-file "^1.0.0"
      normalize-package-data "^2.3.2"
      path-type "^1.0.0"
  
  read-pkg@^5.2.0:
    version "5.2.0"
    resolved "https://npm.xiaoheiban.cn/read-pkg/-/read-pkg-5.2.0.tgz#7bf295438ca5a33e56cd30e053b34ee7250c93cc"
    integrity sha1-e/KVQ4yloz5WzTDgU7NO5yUMk8w=
    dependencies:
      "@types/normalize-package-data" "^2.4.0"
      normalize-package-data "^2.5.0"
      parse-json "^5.0.0"
      type-fest "^0.6.0"
  
  "readable-stream@2 || 3":
    version "3.6.0"
    resolved "https://npm.xiaoheiban.cn/readable-stream/-/readable-stream-3.6.0.tgz#337bbda3adc0706bd3e024426a286d4b4b2c9198"
    integrity sha1-M3u9o63AcGvT4CRCaihtS0sskZg=
    dependencies:
      inherits "^2.0.3"
      string_decoder "^1.1.1"
      util-deprecate "^1.0.1"
  
  readable-stream@~2.3.6:
    version "2.3.7"
    resolved "https://npm.xiaoheiban.cn/readable-stream/-/readable-stream-2.3.7.tgz#1eca1cf711aef814c04f62252a36a62f6cb23b57"
    integrity sha1-Hsoc9xGu+BTAT2IlKjamL2yyO1c=
    dependencies:
      core-util-is "~1.0.0"
      inherits "~2.0.3"
      isarray "~1.0.0"
      process-nextick-args "~2.0.0"
      safe-buffer "~5.1.1"
      string_decoder "~1.1.1"
      util-deprecate "~1.0.1"
  
  readdirp@~3.4.0:
    version "3.4.0"
    resolved "https://npm.xiaoheiban.cn/readdirp/-/readdirp-3.4.0.tgz#9fdccdf9e9155805449221ac645e8303ab5b9ada"
    integrity sha1-n9zN+ekVWAVEkiGsZF6DA6tbmto=
    dependencies:
      picomatch "^2.2.1"
  
  redent@^1.0.0:
    version "1.0.0"
    resolved "https://npm.xiaoheiban.cn/redent/-/redent-1.0.0.tgz#cf916ab1fd5f1f16dfb20822dd6ec7f730c2afde"
    integrity sha1-z5Fqsf1fHxbfsggi3W7H9zDCr94=
    dependencies:
      indent-string "^2.1.0"
      strip-indent "^1.0.1"
  
  redent@^3.0.0:
    version "3.0.0"
    resolved "https://npm.xiaoheiban.cn/redent/-/redent-3.0.0.tgz#e557b7998316bb53c9f1f56fa626352c6963059f"
    integrity sha1-5Ve3mYMWu1PJ8fVvpiY1LGljBZ8=
    dependencies:
      indent-string "^4.0.0"
      strip-indent "^3.0.0"
  
  regenerator-runtime@^0.13.4:
    version "0.13.7"
    resolved "https://npm.xiaoheiban.cn/regenerator-runtime/-/regenerator-runtime-0.13.7.tgz#cac2dacc8a1ea675feaabaeb8ae833898ae46f55"
    integrity sha1-ysLazIoepnX+qrrriugziYrkb1U=
  
  registry-auth-token@^4.0.0:
    version "4.2.0"
    resolved "https://npm.xiaoheiban.cn/registry-auth-token/-/registry-auth-token-4.2.0.tgz#1d37dffda72bbecd0f581e4715540213a65eb7da"
    integrity sha1-HTff/acrvs0PWB5HFVQCE6Zet9o=
    dependencies:
      rc "^1.2.8"
  
  registry-url@^5.0.0:
    version "5.1.0"
    resolved "https://npm.xiaoheiban.cn/registry-url/-/registry-url-5.1.0.tgz#e98334b50d5434b81136b44ec638d9c2009c5009"
    integrity sha1-6YM0tQ1UNLgRNrROxjjZwgCcUAk=
    dependencies:
      rc "^1.2.8"
  
  repeating@^2.0.0:
    version "2.0.1"
    resolved "https://npm.xiaoheiban.cn/repeating/-/repeating-2.0.1.tgz#5214c53a926d3552707527fbab415dbc08d06dda"
    integrity sha1-UhTFOpJtNVJwdSf7q0FdvAjQbdo=
    dependencies:
      is-finite "^1.0.0"
  
  require-directory@^2.1.1:
    version "2.1.1"
    resolved "https://npm.xiaoheiban.cn/require-directory/-/require-directory-2.1.1.tgz#8c64ad5fd30dab1c976e2344ffe7f792a6a6df42"
    integrity sha1-jGStX9MNqxyXbiNE/+f3kqam30I=
  
  require-main-filename@^2.0.0:
    version "2.0.0"
    resolved "https://npm.xiaoheiban.cn/require-main-filename/-/require-main-filename-2.0.0.tgz#d0b329ecc7cc0f61649f62215be69af54aa8989b"
    integrity sha1-0LMp7MfMD2Fkn2IhW+aa9UqomJs=
  
  resolve-from@5.0.0, resolve-from@^5.0.0:
    version "5.0.0"
    resolved "https://npm.xiaoheiban.cn/resolve-from/-/resolve-from-5.0.0.tgz#c35225843df8f776df21c57557bc087e9dfdfc69"
    integrity sha1-w1IlhD3493bfIcV1V7wIfp39/Gk=
  
  resolve-from@^4.0.0:
    version "4.0.0"
    resolved "https://npm.xiaoheiban.cn/resolve-from/-/resolve-from-4.0.0.tgz#4abcd852ad32dd7baabfe9b40e00a36db5f392e6"
    integrity sha1-SrzYUq0y3Xuqv+m0DgCjbbXzkuY=
  
  resolve-global@1.0.0, resolve-global@^1.0.0:
    version "1.0.0"
    resolved "https://npm.xiaoheiban.cn/resolve-global/-/resolve-global-1.0.0.tgz#a2a79df4af2ca3f49bf77ef9ddacd322dad19255"
    integrity sha1-oqed9K8so/Sb93753azTItrRklU=
    dependencies:
      global-dirs "^0.1.1"
  
  resolve@^1.0.0, resolve@^1.10.0, resolve@^1.3.2:
    version "1.17.0"
    resolved "https://npm.xiaoheiban.cn/resolve/-/resolve-1.17.0.tgz#b25941b54968231cc2d1bb76a79cb7f2c0bf8444"
    integrity sha1-sllBtUloIxzC0bt2p5y38sC/hEQ=
    dependencies:
      path-parse "^1.0.6"
  
  responselike@^1.0.2:
    version "1.0.2"
    resolved "https://npm.xiaoheiban.cn/responselike/-/responselike-1.0.2.tgz#918720ef3b631c5642be068f15ade5a46f4ba1e7"
    integrity sha1-kYcg7ztjHFZCvgaPFa3lpG9Loec=
    dependencies:
      lowercase-keys "^1.0.0"
  
  rimraf@^2.6.1:
    version "2.7.1"
    resolved "https://npm.xiaoheiban.cn/rimraf/-/rimraf-2.7.1.tgz#35797f13a7fdadc566142c29d4f07ccad483e3ec"
    integrity sha1-NXl/E6f9rcVmFCwp1PB8ytSD4+w=
    dependencies:
      glob "^7.1.3"
  
  safe-buffer@~5.1.0, safe-buffer@~5.1.1:
    version "5.1.2"
    resolved "https://npm.xiaoheiban.cn/safe-buffer/-/safe-buffer-5.1.2.tgz#991ec69d296e0313747d59bdfd2b745c35f8828d"
    integrity sha1-mR7GnSluAxN0fVm9/St0XDX4go0=
  
  safe-buffer@~5.2.0:
    version "5.2.1"
    resolved "https://npm.xiaoheiban.cn/safe-buffer/-/safe-buffer-5.2.1.tgz#1eaf9fa9bdb1fdd4ec75f58f9cdb4e6b7827eec6"
    integrity sha1-Hq+fqb2x/dTsdfWPnNtOa3gn7sY=
  
  semver-compare@^1.0.0:
    version "1.0.0"
    resolved "https://npm.xiaoheiban.cn/semver-compare/-/semver-compare-1.0.0.tgz#0dee216a1c941ab37e9efb1788f6afc5ff5537fc"
    integrity sha1-De4hahyUGrN+nvsXiPavxf9VN/w=
  
  semver-diff@^3.1.1:
    version "3.1.1"
    resolved "https://npm.xiaoheiban.cn/semver-diff/-/semver-diff-3.1.1.tgz#05f77ce59f325e00e2706afd67bb506ddb1ca32b"
    integrity sha1-Bfd85Z8yXgDicGr9Z7tQbdscoys=
    dependencies:
      semver "^6.3.0"
  
  semver-regex@1.0.0:
    version "1.0.0"
    resolved "https://npm.xiaoheiban.cn/semver-regex/-/semver-regex-1.0.0.tgz#92a4969065f9c70c694753d55248fc68f8f652c9"
    integrity sha1-kqSWkGX5xwxpR1PVUkj8aPj2Usk=
  
  semver-regex@^2.0.0:
    version "2.0.0"
    resolved "https://npm.xiaoheiban.cn/semver-regex/-/semver-regex-2.0.0.tgz#a93c2c5844539a770233379107b38c7b4ac9d338"
    integrity sha1-qTwsWERTmncCMzeRB7OMe0rJ0zg=
  
  "semver@2 || 3 || 4 || 5", semver@^5.3.0, semver@^5.7.1:
    version "5.7.1"
    resolved "https://npm.xiaoheiban.cn/semver/-/semver-5.7.1.tgz#a954f931aeba508d307bbf069eff0c01c96116f7"
    integrity sha1-qVT5Ma66UI0we78Gnv8MAclhFvc=
  
  semver@7.3.2:
    version "7.3.2"
    resolved "https://npm.xiaoheiban.cn/semver/-/semver-7.3.2.tgz#604962b052b81ed0786aae84389ffba70ffd3938"
    integrity sha1-YElisFK4HtB4aq6EOJ/7pw/9OTg=
  
  semver@^6.0.0, semver@^6.2.0, semver@^6.3.0:
    version "6.3.0"
    resolved "https://npm.xiaoheiban.cn/semver/-/semver-6.3.0.tgz#ee0a64c8af5e8ceea67687b133761e1becbd1d3d"
    integrity sha1-7gpkyK9ejO6mdoexM3YeG+y9HT0=
  
  set-blocking@^2.0.0:
    version "2.0.0"
    resolved "https://npm.xiaoheiban.cn/set-blocking/-/set-blocking-2.0.0.tgz#045f9782d011ae9a6803ddd382b24392b3d890f7"
    integrity sha1-BF+XgtARrppoA93TgrJDkrPYkPc=
  
  signal-exit@^3.0.0, signal-exit@^3.0.2:
    version "3.0.3"
    resolved "https://npm.xiaoheiban.cn/signal-exit/-/signal-exit-3.0.3.tgz#a1410c2edd8f077b08b4e253c8eacfcaf057461c"
    integrity sha1-oUEMLt2PB3sItOJTyOrPyvBXRhw=
  
  slash@^3.0.0:
    version "3.0.0"
    resolved "https://npm.xiaoheiban.cn/slash/-/slash-3.0.0.tgz#6539be870c165adbd5240220dbe361f1bc4d4634"
    integrity sha1-ZTm+hwwWWtvVJAIg2+Nh8bxNRjQ=
  
  source-map-support@^0.5.12, source-map-support@^0.5.17:
    version "0.5.19"
    resolved "https://npm.xiaoheiban.cn/source-map-support/-/source-map-support-0.5.19.tgz#a98b62f86dcaf4f67399648c085291ab9e8fed61"
    integrity sha1-qYti+G3K9PZzmWSMCFKRq56P7WE=
    dependencies:
      buffer-from "^1.0.0"
      source-map "^0.6.0"
  
  source-map@^0.6.0:
    version "0.6.1"
    resolved "https://npm.xiaoheiban.cn/source-map/-/source-map-0.6.1.tgz#74722af32e9614e9c287a8d0bbde48b5e2f1a263"
    integrity sha1-dHIq8y6WFOnCh6jQu95IteLxomM=
  
  spdx-correct@^3.0.0:
    version "3.1.1"
    resolved "https://npm.xiaoheiban.cn/spdx-correct/-/spdx-correct-3.1.1.tgz#dece81ac9c1e6713e5f7d1b6f17d468fa53d89a9"
    integrity sha1-3s6BrJweZxPl99G28X1Gj6U9iak=
    dependencies:
      spdx-expression-parse "^3.0.0"
      spdx-license-ids "^3.0.0"
  
  spdx-exceptions@^2.1.0:
    version "2.3.0"
    resolved "https://npm.xiaoheiban.cn/spdx-exceptions/-/spdx-exceptions-2.3.0.tgz#3f28ce1a77a00372683eade4a433183527a2163d"
    integrity sha1-PyjOGnegA3JoPq3kpDMYNSeiFj0=
  
  spdx-expression-parse@^3.0.0:
    version "3.0.1"
    resolved "https://npm.xiaoheiban.cn/spdx-expression-parse/-/spdx-expression-parse-3.0.1.tgz#cf70f50482eefdc98e3ce0a6833e4a53ceeba679"
    integrity sha1-z3D1BILu/cmOPOCmgz5KU87rpnk=
    dependencies:
      spdx-exceptions "^2.1.0"
      spdx-license-ids "^3.0.0"
  
  spdx-license-ids@^3.0.0:
    version "3.0.5"
    resolved "https://npm.xiaoheiban.cn/spdx-license-ids/-/spdx-license-ids-3.0.5.tgz#3694b5804567a458d3c8045842a6358632f62654"
    integrity sha1-NpS1gEVnpFjTyARYQqY1hjL2JlQ=
  
  split2@^2.0.0:
    version "2.2.0"
    resolved "https://npm.xiaoheiban.cn/split2/-/split2-2.2.0.tgz#186b2575bcf83e85b7d18465756238ee4ee42493"
    integrity sha1-GGsldbz4PoW30YRldWI47k7kJJM=
    dependencies:
      through2 "^2.0.2"
  
  sprintf-js@~1.0.2:
    version "1.0.3"
    resolved "https://npm.xiaoheiban.cn/sprintf-js/-/sprintf-js-1.0.3.tgz#04e6926f662895354f3dd015203633b857297e2c"
    integrity sha1-BOaSb2YolTVPPdAVIDYzuFcpfiw=
  
  string-width@^3.0.0:
    version "3.1.0"
    resolved "https://npm.xiaoheiban.cn/string-width/-/string-width-3.1.0.tgz#22767be21b62af1081574306f69ac51b62203961"
    integrity sha1-InZ74htirxCBV0MG9prFG2IgOWE=
    dependencies:
      emoji-regex "^7.0.1"
      is-fullwidth-code-point "^2.0.0"
      strip-ansi "^5.1.0"
  
  string-width@^4.0.0, string-width@^4.1.0, string-width@^4.2.0:
    version "4.2.0"
    resolved "https://npm.xiaoheiban.cn/string-width/-/string-width-4.2.0.tgz#952182c46cc7b2c313d1596e623992bd163b72b5"
    integrity sha1-lSGCxGzHssMT0VluYjmSvRY7crU=
    dependencies:
      emoji-regex "^8.0.0"
      is-fullwidth-code-point "^3.0.0"
      strip-ansi "^6.0.0"
  
  string_decoder@^1.1.1:
    version "1.3.0"
    resolved "https://npm.xiaoheiban.cn/string_decoder/-/string_decoder-1.3.0.tgz#42f114594a46cf1a8e30b0a84f56c78c3edac21e"
    integrity sha1-QvEUWUpGzxqOMLCoT1bHjD7awh4=
    dependencies:
      safe-buffer "~5.2.0"
  
  string_decoder@~1.1.1:
    version "1.1.1"
    resolved "https://npm.xiaoheiban.cn/string_decoder/-/string_decoder-1.1.1.tgz#9cf1611ba62685d7030ae9e4ba34149c3af03fc8"
    integrity sha1-nPFhG6YmhdcDCunkujQUnDrwP8g=
    dependencies:
      safe-buffer "~5.1.0"
  
  strip-ansi@^5.1.0:
    version "5.2.0"
    resolved "https://npm.xiaoheiban.cn/strip-ansi/-/strip-ansi-5.2.0.tgz#8c9a536feb6afc962bdfa5b104a5091c1ad9c0ae"
    integrity sha1-jJpTb+tq/JYr36WxBKUJHBrZwK4=
    dependencies:
      ansi-regex "^4.1.0"
  
  strip-ansi@^6.0.0:
    version "6.0.0"
    resolved "https://npm.xiaoheiban.cn/strip-ansi/-/strip-ansi-6.0.0.tgz#0b1571dd7669ccd4f3e06e14ef1eed26225ae532"
    integrity sha1-CxVx3XZpzNTz4G4U7x7tJiJa5TI=
    dependencies:
      ansi-regex "^5.0.0"
  
  strip-bom@^2.0.0:
    version "2.0.0"
    resolved "https://npm.xiaoheiban.cn/strip-bom/-/strip-bom-2.0.0.tgz#6219a85616520491f35788bdbf1447a99c7e6b0e"
    integrity sha1-YhmoVhZSBJHzV4i9vxRHqZx+aw4=
    dependencies:
      is-utf8 "^0.2.0"
  
  strip-bom@^3.0.0:
    version "3.0.0"
    resolved "https://npm.xiaoheiban.cn/strip-bom/-/strip-bom-3.0.0.tgz#2334c18e9c759f7bdd56fdef7e9ae3d588e68ed3"
    integrity sha1-IzTBjpx1n3vdVv3vfprj1YjmjtM=
  
  strip-indent@^1.0.1:
    version "1.0.1"
    resolved "https://npm.xiaoheiban.cn/strip-indent/-/strip-indent-1.0.1.tgz#0c7962a6adefa7bbd4ac366460a638552ae1a0a2"
    integrity sha1-DHlipq3vp7vUrDZkYKY4VSrhoKI=
    dependencies:
      get-stdin "^4.0.1"
  
  strip-indent@^3.0.0:
    version "3.0.0"
    resolved "https://npm.xiaoheiban.cn/strip-indent/-/strip-indent-3.0.0.tgz#c32e1cee940b6b3432c771bc2c54bcce73cd3001"
    integrity sha1-wy4c7pQLazQyx3G8LFS8znPNMAE=
    dependencies:
      min-indent "^1.0.0"
  
  strip-json-comments@^2.0.0, strip-json-comments@~2.0.1:
    version "2.0.1"
    resolved "https://npm.xiaoheiban.cn/strip-json-comments/-/strip-json-comments-2.0.1.tgz#3c531942e908c2697c0ec344858c286c7ca0a60a"
    integrity sha1-PFMZQukIwml8DsNEhYwobHygpgo=
  
  supports-color@^5.3.0, supports-color@^5.5.0:
    version "5.5.0"
    resolved "https://npm.xiaoheiban.cn/supports-color/-/supports-color-5.5.0.tgz#e2e69a44ac8772f78a1ec0b35b689df6530efc8f"
    integrity sha1-4uaaRKyHcveKHsCzW2id9lMO/I8=
    dependencies:
      has-flag "^3.0.0"
  
  supports-color@^7.1.0:
    version "7.2.0"
    resolved "https://npm.xiaoheiban.cn/supports-color/-/supports-color-7.2.0.tgz#1b7dcdcb32b8138801b3e478ba6a51caa89648da"
    integrity sha1-G33NyzK4E4gBs+R4umpRyqiWSNo=
    dependencies:
      has-flag "^4.0.0"
  
  term-size@^2.1.0:
    version "2.2.0"
    resolved "https://npm.xiaoheiban.cn/term-size/-/term-size-2.2.0.tgz#1f16adedfe9bdc18800e1776821734086fcc6753"
    integrity sha1-Hxat7f6b3BiADhd2ghc0CG/MZ1M=
  
  text-extensions@^1.0.0:
    version "1.9.0"
    resolved "https://npm.xiaoheiban.cn/text-extensions/-/text-extensions-1.9.0.tgz#1853e45fee39c945ce6f6c36b2d659b5aabc2a26"
    integrity sha1-GFPkX+45yUXOb2w2stZZtaq8KiY=
  
  through2@^2.0.2:
    version "2.0.5"
    resolved "https://npm.xiaoheiban.cn/through2/-/through2-2.0.5.tgz#01c1e39eb31d07cb7d03a96a70823260b23132cd"
    integrity sha1-AcHjnrMdB8t9A6lqcIIyYLIxMs0=
    dependencies:
      readable-stream "~2.3.6"
      xtend "~4.0.1"
  
  through2@^3.0.0:
    version "3.0.2"
    resolved "https://npm.xiaoheiban.cn/through2/-/through2-3.0.2.tgz#99f88931cfc761ec7678b41d5d7336b5b6a07bf4"
    integrity sha1-mfiJMc/HYex2eLQdXXM2tbage/Q=
    dependencies:
      inherits "^2.0.4"
      readable-stream "2 || 3"
  
  "through@>=2.2.7 <3":
    version "2.3.8"
    resolved "https://npm.xiaoheiban.cn/through/-/through-2.3.8.tgz#0dd4c9ffaabc357960b1b724115d7e0e86a2e1f5"
    integrity sha1-DdTJ/6q8NXlgsbckEV1+Doai4fU=
  
  to-readable-stream@^1.0.0:
    version "1.0.0"
    resolved "https://npm.xiaoheiban.cn/to-readable-stream/-/to-readable-stream-1.0.0.tgz#ce0aa0c2f3df6adf852efb404a783e77c0475771"
    integrity sha1-zgqgwvPfat+FLvtASng+d8BHV3E=
  
  to-regex-range@^5.0.1:
    version "5.0.1"
    resolved "https://npm.xiaoheiban.cn/to-regex-range/-/to-regex-range-5.0.1.tgz#1648c44aae7c8d988a326018ed72f5b4dd0392e4"
    integrity sha1-FkjESq58jZiKMmAY7XL1tN0DkuQ=
    dependencies:
      is-number "^7.0.0"
  
  touch@^3.1.0:
    version "3.1.0"
    resolved "https://npm.xiaoheiban.cn/touch/-/touch-3.1.0.tgz#fe365f5f75ec9ed4e56825e0bb76d24ab74af83b"
    integrity sha1-/jZfX3XsntTlaCXgu3bSSrdK+Ds=
    dependencies:
      nopt "~1.0.10"
  
  tree-kill@^1.2.2:
    version "1.2.2"
    resolved "https://npm.xiaoheiban.cn/tree-kill/-/tree-kill-1.2.2.tgz#4ca09a9092c88b73a7cdc5e8a01b507b0790a0cc"
    integrity sha1-TKCakJLIi3OnzcXooBtQeweQoMw=
  
  trim-newlines@^1.0.0:
    version "1.0.0"
    resolved "https://npm.xiaoheiban.cn/trim-newlines/-/trim-newlines-1.0.0.tgz#5887966bb582a4503a41eb524f7d35011815a613"
    integrity sha1-WIeWa7WCpFA6QetST301ARgVphM=
  
  trim-newlines@^3.0.0:
    version "3.0.0"
    resolved "https://npm.xiaoheiban.cn/trim-newlines/-/trim-newlines-3.0.0.tgz#79726304a6a898aa8373427298d54c2ee8b1cb30"
    integrity sha1-eXJjBKaomKqDc0JymNVMLuixyzA=
  
  trim-off-newlines@^1.0.0:
    version "1.0.1"
    resolved "https://npm.xiaoheiban.cn/trim-off-newlines/-/trim-off-newlines-1.0.1.tgz#9f9ba9d9efa8764c387698bcbfeb2c848f11adb3"
    integrity sha1-n5up2e+odkw4dpi8v+sshI8RrbM=
  
  ts-node-dev@^1.0.0-pre.62:
    version "1.0.0-pre.62"
    resolved "https://npm.xiaoheiban.cn/ts-node-dev/-/ts-node-dev-1.0.0-pre.62.tgz#835644c43669b659a880379b9d06df86cef665ad"
    integrity sha1-g1ZExDZptlmogDebnQbfhs72Za0=
    dependencies:
      chokidar "^3.4.0"
      dateformat "~1.0.4-1.2.3"
      dynamic-dedupe "^0.3.0"
      minimist "^1.2.5"
      mkdirp "^1.0.4"
      resolve "^1.0.0"
      rimraf "^2.6.1"
      source-map-support "^0.5.12"
      tree-kill "^1.2.2"
      ts-node "^8.10.2"
      tsconfig "^7.0.0"
  
  ts-node@^8.10.2:
    version "8.10.2"
    resolved "https://npm.xiaoheiban.cn/ts-node/-/ts-node-8.10.2.tgz#eee03764633b1234ddd37f8db9ec10b75ec7fb8d"
    integrity sha1-7uA3ZGM7EjTd03+NuewQt17H+40=
    dependencies:
      arg "^4.1.0"
      diff "^4.0.1"
      make-error "^1.1.1"
      source-map-support "^0.5.17"
      yn "3.1.1"
  
  ts-node@^9.0.0:
    version "9.0.0"
    resolved "https://npm.xiaoheiban.cn/ts-node/-/ts-node-9.0.0.tgz#e7699d2a110cc8c0d3b831715e417688683460b3"
    integrity sha1-52mdKhEMyMDTuDFxXkF2iGg0YLM=
    dependencies:
      arg "^4.1.0"
      diff "^4.0.1"
      make-error "^1.1.1"
      source-map-support "^0.5.17"
      yn "3.1.1"
  
  tsconfig@^7.0.0:
    version "7.0.0"
    resolved "https://npm.xiaoheiban.cn/tsconfig/-/tsconfig-7.0.0.tgz#84538875a4dc216e5c4a5432b3a4dec3d54e91b7"
    integrity sha1-hFOIdaTcIW5cSlQys6Tew9VOkbc=
    dependencies:
      "@types/strip-bom" "^3.0.0"
      "@types/strip-json-comments" "0.0.30"
      strip-bom "^3.0.0"
      strip-json-comments "^2.0.0"
  
  tslib@^1.13.0, tslib@^1.8.1:
    version "1.13.0"
    resolved "https://npm.xiaoheiban.cn/tslib/-/tslib-1.13.0.tgz#c881e13cc7015894ed914862d276436fa9a47043"
    integrity sha1-yIHhPMcBWJTtkUhi0nZDb6mkcEM=
  
  tslint@^6.1.3:
    version "6.1.3"
    resolved "https://npm.xiaoheiban.cn/tslint/-/tslint-6.1.3.tgz#5c23b2eccc32487d5523bd3a470e9aa31789d904"
    integrity sha1-XCOy7MwySH1VI706Rw6aoxeJ2QQ=
    dependencies:
      "@babel/code-frame" "^7.0.0"
      builtin-modules "^1.1.1"
      chalk "^2.3.0"
      commander "^2.12.1"
      diff "^4.0.1"
      glob "^7.1.1"
      js-yaml "^3.13.1"
      minimatch "^3.0.4"
      mkdirp "^0.5.3"
      resolve "^1.3.2"
      semver "^5.3.0"
      tslib "^1.13.0"
      tsutils "^2.29.0"
  
  tsutils@^2.29.0:
    version "2.29.0"
    resolved "https://npm.xiaoheiban.cn/tsutils/-/tsutils-2.29.0.tgz#32b488501467acbedd4b85498673a0812aca0b99"
    integrity sha1-MrSIUBRnrL7dS4VJhnOggSrKC5k=
    dependencies:
      tslib "^1.8.1"
  
  type-fest@^0.13.1:
    version "0.13.1"
    resolved "https://npm.xiaoheiban.cn/type-fest/-/type-fest-0.13.1.tgz#0172cb5bce80b0bd542ea348db50c7e21834d934"
    integrity sha1-AXLLW86AsL1ULqNI21DH4hg02TQ=
  
  type-fest@^0.6.0:
    version "0.6.0"
    resolved "https://npm.xiaoheiban.cn/type-fest/-/type-fest-0.6.0.tgz#8d2a2370d3df886eb5c90ada1c5bf6188acf838b"
    integrity sha1-jSojcNPfiG61yQraHFv2GIrPg4s=
  
  type-fest@^0.8.1:
    version "0.8.1"
    resolved "https://npm.xiaoheiban.cn/type-fest/-/type-fest-0.8.1.tgz#09e249ebde851d3b1e48d27c105444667f17b83d"
    integrity sha1-CeJJ696FHTseSNJ8EFREZn8XuD0=
  
  typedarray-to-buffer@^3.1.5:
    version "3.1.5"
    resolved "https://npm.xiaoheiban.cn/typedarray-to-buffer/-/typedarray-to-buffer-3.1.5.tgz#a97ee7a9ff42691b9f783ff1bc5112fe3fca9080"
    integrity sha1-qX7nqf9CaRufeD/xvFES/j/KkIA=
    dependencies:
      is-typedarray "^1.0.0"
  
  typescript@^4.0.2:
    version "4.0.2"
    resolved "https://npm.xiaoheiban.cn/typescript/-/typescript-4.0.2.tgz#7ea7c88777c723c681e33bf7988be5d008d05ac2"
    integrity sha1-fqfIh3fHI8aB4zv3mIvl0AjQWsI=
  
  undefsafe@^2.0.2:
    version "2.0.3"
    resolved "https://npm.xiaoheiban.cn/undefsafe/-/undefsafe-2.0.3.tgz#6b166e7094ad46313b2202da7ecc2cd7cc6e7aae"
    integrity sha1-axZucJStRjE7IgLafsws18xueq4=
    dependencies:
      debug "^2.2.0"
  
  unique-string@^2.0.0:
    version "2.0.0"
    resolved "https://npm.xiaoheiban.cn/unique-string/-/unique-string-2.0.0.tgz#39c6451f81afb2749de2b233e3f7c5e8843bd89d"
    integrity sha1-OcZFH4GvsnSd4rIz4/fF6IQ72J0=
    dependencies:
      crypto-random-string "^2.0.0"
  
  universalify@^1.0.0:
    version "1.0.0"
    resolved "https://npm.xiaoheiban.cn/universalify/-/universalify-1.0.0.tgz#b61a1da173e8435b2fe3c67d29b9adf8594bd16d"
    integrity sha1-thodoXPoQ1sv48Z9Kbmt+FlL0W0=
  
  update-notifier@^4.0.0:
    version "4.1.1"
    resolved "https://npm.xiaoheiban.cn/update-notifier/-/update-notifier-4.1.1.tgz#895fc8562bbe666179500f9f2cebac4f26323746"
    integrity sha1-iV/IViu+ZmF5UA+fLOusTyYyN0Y=
    dependencies:
      boxen "^4.2.0"
      chalk "^3.0.0"
      configstore "^5.0.1"
      has-yarn "^2.1.0"
      import-lazy "^2.1.0"
      is-ci "^2.0.0"
      is-installed-globally "^0.3.1"
      is-npm "^4.0.0"
      is-yarn-global "^0.3.0"
      latest-version "^5.0.0"
      pupa "^2.0.1"
      semver-diff "^3.1.1"
      xdg-basedir "^4.0.0"
  
  url-parse-lax@^3.0.0:
    version "3.0.0"
    resolved "https://npm.xiaoheiban.cn/url-parse-lax/-/url-parse-lax-3.0.0.tgz#16b5cafc07dbe3676c1b1999177823d6503acb0c"
    integrity sha1-FrXK/Afb42dsGxmZF3gj1lA6yww=
    dependencies:
      prepend-http "^2.0.0"
  
  util-deprecate@^1.0.1, util-deprecate@~1.0.1:
    version "1.0.2"
    resolved "https://npm.xiaoheiban.cn/util-deprecate/-/util-deprecate-1.0.2.tgz#450d4dc9fa70de732762fbd2d4a28981419a0ccf"
    integrity sha1-RQ1Nyfpw3nMnYvvS1KKJgUGaDM8=
  
  validate-commit-msg@^2.14.0:
    version "2.14.0"
    resolved "https://npm.xiaoheiban.cn/validate-commit-msg/-/validate-commit-msg-2.14.0.tgz#e5383691012cbb270dcc0bc2a4effebe14890eac"
    integrity sha1-5Tg2kQEsuycNzAvCpO/+vhSJDqw=
    dependencies:
      conventional-commit-types "^2.0.0"
      find-parent-dir "^0.3.0"
      findup "0.1.5"
      semver-regex "1.0.0"
  
  validate-npm-package-license@^3.0.1:
    version "3.0.4"
    resolved "https://npm.xiaoheiban.cn/validate-npm-package-license/-/validate-npm-package-license-3.0.4.tgz#fc91f6b9c7ba15c857f4cb2c5defeec39d4f410a"
    integrity sha1-/JH2uce6FchX9MssXe/uw51PQQo=
    dependencies:
      spdx-correct "^3.0.0"
      spdx-expression-parse "^3.0.0"
  
  which-module@^2.0.0:
    version "2.0.0"
    resolved "https://npm.xiaoheiban.cn/which-module/-/which-module-2.0.0.tgz#d9ef07dce77b9902b8a3a8fa4b31c3e3f7e6e87a"
    integrity sha1-2e8H3Od7mQK4o6j6SzHD4/fm6Ho=
  
  which-pm-runs@^1.0.0:
    version "1.0.0"
    resolved "https://npm.xiaoheiban.cn/which-pm-runs/-/which-pm-runs-1.0.0.tgz#670b3afbc552e0b55df6b7780ca74615f23ad1cb"
    integrity sha1-Zws6+8VS4LVd9rd4DKdGFfI60cs=
  
  widest-line@^3.1.0:
    version "3.1.0"
    resolved "https://npm.xiaoheiban.cn/widest-line/-/widest-line-3.1.0.tgz#8292333bbf66cb45ff0de1603b136b7ae1496eca"
    integrity sha1-gpIzO79my0X/DeFgOxNreuFJbso=
    dependencies:
      string-width "^4.0.0"
  
  wrap-ansi@^6.2.0:
    version "6.2.0"
    resolved "https://npm.xiaoheiban.cn/wrap-ansi/-/wrap-ansi-6.2.0.tgz#e9393ba07102e6c91a3b221478f0257cd2856e53"
    integrity sha1-6Tk7oHEC5skaOyIUePAlfNKFblM=
    dependencies:
      ansi-styles "^4.0.0"
      string-width "^4.1.0"
      strip-ansi "^6.0.0"
  
  wrappy@1:
    version "1.0.2"
    resolved "https://npm.xiaoheiban.cn/wrappy/-/wrappy-1.0.2.tgz#b5243d8f3ec1aa35f1364605bc0d1036e30ab69f"
    integrity sha1-tSQ9jz7BqjXxNkYFvA0QNuMKtp8=
  
  write-file-atomic@^3.0.0:
    version "3.0.3"
    resolved "https://npm.xiaoheiban.cn/write-file-atomic/-/write-file-atomic-3.0.3.tgz#56bd5c5a5c70481cd19c571bd39ab965a5de56e8"
    integrity sha1-Vr1cWlxwSBzRnFcb05q5ZaXeVug=
    dependencies:
      imurmurhash "^0.1.4"
      is-typedarray "^1.0.0"
      signal-exit "^3.0.2"
      typedarray-to-buffer "^3.1.5"
  
  xdg-basedir@^4.0.0:
    version "4.0.0"
    resolved "https://npm.xiaoheiban.cn/xdg-basedir/-/xdg-basedir-4.0.0.tgz#4bc8d9984403696225ef83a1573cbbcb4e79db13"
    integrity sha1-S8jZmEQDaWIl74OhVzy7y0552xM=
  
  xtend@^4.0.0, xtend@~4.0.1:
    version "4.0.2"
    resolved "https://npm.xiaoheiban.cn/xtend/-/xtend-4.0.2.tgz#bb72779f5fa465186b1f438f674fa347fdb5db54"
    integrity sha1-u3J3n1+kZRhrH0OPZ0+jR/2121Q=
  
  y18n@^4.0.0:
    version "4.0.0"
    resolved "https://npm.xiaoheiban.cn/y18n/-/y18n-4.0.0.tgz#95ef94f85ecc81d007c264e190a120f0a3c8566b"
    integrity sha1-le+U+F7MgdAHwmThkKEg8KPIVms=
  
  yaml@^1.10.0:
    version "1.10.0"
    resolved "https://npm.xiaoheiban.cn/yaml/-/yaml-1.10.0.tgz#3b593add944876077d4d683fee01081bd9fff31e"
    integrity sha1-O1k63ZRIdgd9TWg/7gEIG9n/8x4=
  
  yargs-parser@^18.1.2, yargs-parser@^18.1.3:
    version "18.1.3"
    resolved "https://npm.xiaoheiban.cn/yargs-parser/-/yargs-parser-18.1.3.tgz#be68c4975c6b2abf469236b0c870362fab09a7b0"
    integrity sha1-vmjEl1xrKr9GkjawyHA2L6sJp7A=
    dependencies:
      camelcase "^5.0.0"
      decamelize "^1.2.0"
  
  yargs@^15.1.0:
    version "15.4.1"
    resolved "https://npm.xiaoheiban.cn/yargs/-/yargs-15.4.1.tgz#0d87a16de01aee9d8bec2bfbf74f67851730f4f8"
    integrity sha1-DYehbeAa7p2L7Cv7909nhRcw9Pg=
    dependencies:
      cliui "^6.0.0"
      decamelize "^1.2.0"
      find-up "^4.1.0"
      get-caller-file "^2.0.1"
      require-directory "^2.1.1"
      require-main-filename "^2.0.0"
      set-blocking "^2.0.0"
      string-width "^4.2.0"
      which-module "^2.0.0"
      y18n "^4.0.0"
      yargs-parser "^18.1.2"
  
  yn@3.1.1:
    version "3.1.1"
    resolved "https://npm.xiaoheiban.cn/yn/-/yn-3.1.1.tgz#1e87401a09d767c1d5eab26a6e4c185182d2eb50"
    integrity sha1-HodAGgnXZ8HV6rJqbkwYUYLS61A=
